2022-08-22 10:47:32,591 [INFO] Activator:177 - 


2022-08-22 10:47:32,592 [INFO] Activator:178 - !SESSION log4j initialized
2022-08-22 10:47:34,075 [ERROR] LogOutputStream:74 - [STDERR_REDIRECT] 
2022-08-22 10:48:06,855 [INFO] McuFinderGlobals:44 - Set McuFinder mode to 2 (CubeIDE integrated)
2022-08-22 10:48:06,988 [INFO] ApplicationProperties:181 - Using Application install path: /Applications/STM32CubeIDE.app/Contents/Eclipse/plugins/com.st.stm32cube.common.mx_6.6.1.202207061420
2022-08-22 10:48:07,007 [INFO] DbMcusXml:77 - Set database path to: /Applications/STM32CubeIDE.app/Contents/Eclipse/plugins/com.st.stm32cube.common.mx_6.6.1.202207061420//db//mcu/
2022-08-22 10:48:07,007 [INFO] ApiDb:269 - Set plugin database path to: /Applications/STM32CubeIDE.app/Contents/Eclipse/plugins/com.st.stm32cube.common.mx_6.6.1.202207061420//db//plugins/boardmanager/
2022-08-22 10:48:07,010 [WARN] ApiDb:254 - Overriding images path with different value:  => /Applications/STM32CubeIDE.app/Contents/Eclipse/plugins/com.st.stm32cube.common.mx_6.6.1.202207061420//db//plugins/mcufinder/images/
2022-08-22 10:48:07,022 [INFO] ApiDb:249 - Set database path to: /Users/sandilazad/.stmcufinder/plugins/mcufinder//mcu/
2022-08-22 10:48:07,024 [INFO] DbMcusAds:124 - Set database path to: /Users/sandilazad/.stmcufinder/plugins/mcufinder//mcu/
2022-08-22 10:48:07,028 [INFO] CrossReferenceDbSqlite:201 - Set database path to: /Users/sandilazad/.stmcufinder/plugins/mcufinder//mcu/cs/
2022-08-22 10:48:07,134 [INFO] RulesReader:61 - Compatibility file has been processed (282 Rules)
2022-08-22 10:48:07,204 [INFO] DbMcusXml:77 - Set database path to: /Applications/STM32CubeIDE.app/Contents/Eclipse/plugins/com.st.stm32cube.common.mx_6.6.1.202207061420//db//mcu/
2022-08-22 10:48:07,205 [INFO] ApiDb:269 - Set plugin database path to: /Applications/STM32CubeIDE.app/Contents/Eclipse/plugins/com.st.stm32cube.common.mx_6.6.1.202207061420//db//plugins/boardmanager/
2022-08-22 10:48:07,205 [INFO] ApiDb:256 - Set plugin images path to: /Applications/STM32CubeIDE.app/Contents/Eclipse/plugins/com.st.stm32cube.common.mx_6.6.1.202207061420//db//plugins/mcufinder/images/
2022-08-22 10:48:07,205 [WARN] DbFile:40 - Overriding database path with different value: /Users/sandilazad/.stmcufinder/plugins/mcufinder/ => /Users/sandilazad/.stmcufinder/plugins/mcufinder
2022-08-22 10:48:07,205 [INFO] ApiDb:249 - Set database path to: /Users/sandilazad/.stmcufinder/plugins/mcufinder//mcu/
2022-08-22 10:48:07,205 [WARN] DbFile:40 - Overriding database path with different value: /Users/sandilazad/.stmcufinder/plugins/mcufinder/ => /Users/sandilazad/.stmcufinder/plugins/mcufinder
2022-08-22 10:48:07,206 [INFO] DbMcusAds:124 - Set database path to: /Users/sandilazad/.stmcufinder/plugins/mcufinder//mcu/
2022-08-22 10:48:07,206 [WARN] DbFile:40 - Overriding database path with different value: /Users/sandilazad/.stmcufinder/plugins/mcufinder/ => /Users/sandilazad/.stmcufinder/plugins/mcufinder
2022-08-22 10:48:07,207 [WARN] DbFile:40 - Overriding database path with different value: /Users/sandilazad/.stmcufinder/plugins/mcufinder/ => /Users/sandilazad/.stmcufinder/plugins/mcufinder
2022-08-22 10:48:07,207 [INFO] CrossReferenceDbSqlite:201 - Set database path to: /Users/sandilazad/.stmcufinder/plugins/mcufinder//mcu/cs/
2022-08-22 10:48:07,280 [INFO] MainPanel:242 - HeapMemory: 343932928
2022-08-22 10:48:07,381 [INFO] DbMcusXml:77 - Set database path to: /Applications/STM32CubeIDE.app/Contents/Eclipse/plugins/com.st.stm32cube.common.mx_6.6.1.202207061420//db//mcu/
2022-08-22 10:48:07,381 [INFO] ApiDb:269 - Set plugin database path to: /Applications/STM32CubeIDE.app/Contents/Eclipse/plugins/com.st.stm32cube.common.mx_6.6.1.202207061420//db//plugins/boardmanager/
2022-08-22 10:48:07,382 [INFO] ApiDb:256 - Set plugin images path to: /Applications/STM32CubeIDE.app/Contents/Eclipse/plugins/com.st.stm32cube.common.mx_6.6.1.202207061420//db//plugins/mcufinder/images/
2022-08-22 10:48:07,382 [WARN] DbFile:40 - Overriding database path with different value: /Users/sandilazad/.stmcufinder/plugins/mcufinder/ => /Users/sandilazad/.stmcufinder/plugins/mcufinder
2022-08-22 10:48:07,382 [INFO] ApiDb:249 - Set database path to: /Users/sandilazad/.stmcufinder/plugins/mcufinder//mcu/
2022-08-22 10:48:07,382 [WARN] DbFile:40 - Overriding database path with different value: /Users/sandilazad/.stmcufinder/plugins/mcufinder/ => /Users/sandilazad/.stmcufinder/plugins/mcufinder
2022-08-22 10:48:07,382 [INFO] DbMcusAds:124 - Set database path to: /Users/sandilazad/.stmcufinder/plugins/mcufinder//mcu/
2022-08-22 10:48:07,383 [WARN] DbFile:40 - Overriding database path with different value: /Users/sandilazad/.stmcufinder/plugins/mcufinder/ => /Users/sandilazad/.stmcufinder/plugins/mcufinder
2022-08-22 10:48:07,383 [WARN] DbFile:40 - Overriding database path with different value: /Users/sandilazad/.stmcufinder/plugins/mcufinder/ => /Users/sandilazad/.stmcufinder/plugins/mcufinder
2022-08-22 10:48:07,383 [INFO] CrossReferenceDbSqlite:201 - Set database path to: /Users/sandilazad/.stmcufinder/plugins/mcufinder//mcu/cs/
2022-08-22 10:48:07,401 [INFO] ApplicationProperties:181 - Using Application install path: /Applications/STM32CubeIDE.app/Contents/Eclipse/plugins/com.st.stm32cube.common.mx_6.6.1.202207061420
2022-08-22 10:48:07,403 [INFO] PluginManage:193 - Search for loadable plugins [exclusion list=, ]
2022-08-22 10:48:07,405 [INFO] PluginManage:307 - Check plugin analytics
2022-08-22 10:48:07,555 [INFO] AnalyticsPlugin:262 - Accepted Software Licenses: 
2022-08-22 10:48:07,556 [INFO] AnalyticsPlugin:264 - Accepted CMSIS Pack Licenses: 
2022-08-22 10:48:07,556 [INFO] AnalyticsPlugin:266 - Accepted Firmware Licenses: 
2022-08-22 10:48:07,561 [INFO] PluginManage:356 - Loaded plugin analytics (category:tool,tabindex:-1)
2022-08-22 10:48:07,562 [INFO] PluginManage:307 - Check plugin cadmodel
2022-08-22 10:48:07,566 [INFO] CADModel:65 - Init CAD model plugin
2022-08-22 10:48:07,567 [INFO] PluginManage:356 - Loaded plugin cadmodel (category:power,tabindex:5)
2022-08-22 10:48:07,567 [INFO] PluginManage:307 - Check plugin clock
2022-08-22 10:48:07,576 [INFO] PluginManage:356 - Loaded plugin clock (category:base,tabindex:2)
2022-08-22 10:48:07,576 [INFO] PluginManage:307 - Check plugin ddr
2022-08-22 10:48:07,579 [INFO] PluginManage:356 - Loaded plugin ddr (category:tool,tabindex:6)
2022-08-22 10:48:07,579 [INFO] PluginManage:307 - Check plugin filemanager
2022-08-22 10:48:07,706 [INFO] PluginManage:356 - Loaded plugin filemanager (category:base,tabindex:10)
2022-08-22 10:48:07,707 [INFO] PluginManage:307 - Check plugin ipmanager
2022-08-22 10:48:07,713 [INFO] PluginManage:356 - Loaded plugin ipmanager (category:base,tabindex:5)
2022-08-22 10:48:07,713 [INFO] PluginManage:307 - Check plugin lpbam
2022-08-22 10:48:07,722 [INFO] PluginManage:356 - Loaded plugin lpbam (category:base,tabindex:0)
2022-08-22 10:48:07,722 [INFO] PluginManage:307 - Check plugin pinoutandconfiguration
2022-08-22 10:48:07,730 [INFO] PluginManage:356 - Loaded plugin pinoutandconfiguration (category:base,tabindex:1)
2022-08-22 10:48:07,730 [INFO] PluginManage:307 - Check plugin pinoutconfig
2022-08-22 10:48:07,756 [INFO] PluginManage:356 - Loaded plugin pinoutconfig (category:base,tabindex:0)
2022-08-22 10:48:07,757 [INFO] PluginManage:307 - Check plugin power
2022-08-22 10:48:07,766 [INFO] PluginManage:356 - Loaded plugin power (category:power,tabindex:4)
2022-08-22 10:48:07,766 [INFO] PluginManage:307 - Check plugin projectmanager
2022-08-22 10:48:07,779 [INFO] PluginManage:356 - Loaded plugin projectmanager (category:projectmanager,tabindex:3)
2022-08-22 10:48:07,779 [INFO] PluginManage:307 - Check plugin thirdparty
2022-08-22 10:48:07,890 [WARN] IntegrityCheckThread:82 - waiting for thirdparty lock release [integrity check]
2022-08-22 10:48:07,890 [INFO] PluginManage:356 - Loaded plugin thirdparty (category:base,tabindex:-1)
2022-08-22 10:48:07,890 [INFO] IntegrityCheckThread:84 - entering critical section [integrity check]
2022-08-22 10:48:07,890 [INFO] PluginManage:307 - Check plugin tools
2022-08-22 10:48:07,892 [INFO] PluginManage:356 - Loaded plugin tools (category:base,tabindex:7)
2022-08-22 10:48:07,893 [INFO] PluginManage:307 - Check plugin tutovideos
2022-08-22 10:48:07,893 [INFO] ThirdPartyUpdaterWithRetryManager:70 - Updater plugin not ready yet. [1/15]
2022-08-22 10:48:08,094 [INFO] PluginManage:356 - Loaded plugin tutovideos (category:base,tabindex:-1)
2022-08-22 10:48:08,095 [INFO] PluginManage:307 - Check plugin updater
2022-08-22 10:48:08,110 [INFO] PluginManage:356 - Loaded plugin updater (category:base,tabindex:12)
2022-08-22 10:48:08,110 [INFO] PluginManage:280 - PluginManage : Loaded plugins [15]
2022-08-22 10:48:09,098 [INFO] PinOutPanel:1468 - setPackage(No Configuration,No Configuration)
2022-08-22 10:48:09,153 [INFO] CADModel:98 - CPN selected for project level
2022-08-22 10:48:09,166 [INFO] IPUIPlugin:79 - create IPUIPlugin
2022-08-22 10:48:09,166 [INFO] PluginManager:217 - loadIPPluginJar : add mdma
2022-08-22 10:48:09,174 [INFO] IPUIPlugin:79 - create IPUIPlugin
2022-08-22 10:48:09,174 [INFO] PluginManager:217 - loadIPPluginJar : add freertos
2022-08-22 10:48:09,179 [INFO] IPUIPlugin:79 - create IPUIPlugin
2022-08-22 10:48:09,180 [INFO] PluginManager:217 - loadIPPluginJar : add gic
2022-08-22 10:48:09,189 [INFO] IPUIPlugin:79 - create IPUIPlugin
2022-08-22 10:48:09,189 [INFO] PluginManager:217 - loadIPPluginJar : add adc
2022-08-22 10:48:09,192 [INFO] IPUIPlugin:79 - create IPUIPlugin
2022-08-22 10:48:09,192 [INFO] PluginManager:217 - loadIPPluginJar : add gtzc
2022-08-22 10:48:09,193 [INFO] IPUIPlugin:79 - create IPUIPlugin
2022-08-22 10:48:09,193 [INFO] PluginManager:217 - loadIPPluginJar : add quadspi
2022-08-22 10:48:09,196 [INFO] IPUIPlugin:79 - create IPUIPlugin
2022-08-22 10:48:09,196 [INFO] PluginManager:217 - loadIPPluginJar : add aes
2022-08-22 10:48:09,199 [INFO] IPUIPlugin:79 - create IPUIPlugin
2022-08-22 10:48:09,200 [INFO] PluginManager:217 - loadIPPluginJar : add pdm2pcm
2022-08-22 10:48:09,202 [INFO] IPUIPlugin:79 - create IPUIPlugin
2022-08-22 10:48:09,202 [INFO] PluginManager:217 - loadIPPluginJar : add hash
2022-08-22 10:48:09,203 [INFO] IPUIPlugin:79 - create IPUIPlugin
2022-08-22 10:48:09,203 [INFO] PluginManager:217 - loadIPPluginJar : add tim
2022-08-22 10:48:09,205 [INFO] IPUIPlugin:79 - create IPUIPlugin
2022-08-22 10:48:09,205 [INFO] PluginManager:217 - loadIPPluginJar : add tsc
2022-08-22 10:48:09,206 [INFO] IPUIPlugin:79 - create IPUIPlugin
2022-08-22 10:48:09,207 [INFO] PluginManager:217 - loadIPPluginJar : add ts
2022-08-22 10:48:09,209 [INFO] IPUIPlugin:79 - create IPUIPlugin
2022-08-22 10:48:09,209 [INFO] PluginManager:217 - loadIPPluginJar : add can
2022-08-22 10:48:09,212 [INFO] IPUIPlugin:79 - create IPUIPlugin
2022-08-22 10:48:09,212 [INFO] PluginManager:217 - loadIPPluginJar : add dma3
2022-08-22 10:48:09,214 [INFO] IPUIPlugin:79 - create IPUIPlugin
2022-08-22 10:48:09,214 [INFO] PluginManager:217 - loadIPPluginJar : add dfsdm
2022-08-22 10:48:09,217 [INFO] IPUIPlugin:79 - create IPUIPlugin
2022-08-22 10:48:09,217 [INFO] PluginManager:217 - loadIPPluginJar : add spi
2022-08-22 10:48:09,219 [INFO] IPUIPlugin:79 - create IPUIPlugin
2022-08-22 10:48:09,220 [INFO] PluginManager:217 - loadIPPluginJar : add gfxmmu
2022-08-22 10:48:09,221 [INFO] IPUIPlugin:79 - create IPUIPlugin
2022-08-22 10:48:09,221 [INFO] PluginManager:217 - loadIPPluginJar : add genericplugin
2022-08-22 10:48:09,223 [INFO] IPUIPlugin:79 - create IPUIPlugin
2022-08-22 10:48:09,224 [INFO] PluginManager:217 - loadIPPluginJar : add cryp
2022-08-22 10:48:09,227 [INFO] IPUIPlugin:79 - create IPUIPlugin
2022-08-22 10:48:09,227 [INFO] PluginManager:217 - loadIPPluginJar : add gpio
2022-08-22 10:48:09,229 [INFO] IPUIPlugin:79 - create IPUIPlugin
2022-08-22 10:48:09,229 [INFO] PluginManager:217 - loadIPPluginJar : add comp
2022-08-22 10:48:09,231 [INFO] IPUIPlugin:79 - create IPUIPlugin
2022-08-22 10:48:09,231 [INFO] PluginManager:217 - loadIPPluginJar : add tracer_emb
2022-08-22 10:48:09,234 [INFO] IPUIPlugin:79 - create IPUIPlugin
2022-08-22 10:48:09,235 [INFO] PluginManager:217 - loadIPPluginJar : add openamp
2022-08-22 10:48:09,239 [INFO] IPUIPlugin:79 - create IPUIPlugin
2022-08-22 10:48:09,239 [INFO] PluginManager:217 - loadIPPluginJar : add stm32_wpan
2022-08-22 10:48:09,245 [INFO] IPUIPlugin:79 - create IPUIPlugin
2022-08-22 10:48:09,248 [INFO] PluginManager:217 - loadIPPluginJar : add plateformsettings
2022-08-22 10:48:09,251 [INFO] IPUIPlugin:79 - create IPUIPlugin
2022-08-22 10:48:09,252 [INFO] PluginManager:217 - loadIPPluginJar : add ipddr
2022-08-22 10:48:09,254 [INFO] IPUIPlugin:79 - create IPUIPlugin
2022-08-22 10:48:09,254 [INFO] PluginManager:217 - loadIPPluginJar : add usart
2022-08-22 10:48:09,256 [INFO] IPUIPlugin:79 - create IPUIPlugin
2022-08-22 10:48:09,256 [INFO] PluginManager:217 - loadIPPluginJar : add ltdc
2022-08-22 10:48:09,259 [INFO] IPUIPlugin:79 - create IPUIPlugin
2022-08-22 10:48:09,259 [INFO] PluginManager:217 - loadIPPluginJar : add nvic
2022-08-22 10:48:09,260 [INFO] IPUIPlugin:79 - create IPUIPlugin
2022-08-22 10:48:09,261 [INFO] PluginManager:217 - loadIPPluginJar : add fatfs
2022-08-22 10:48:09,267 [INFO] IPUIPlugin:79 - create IPUIPlugin
2022-08-22 10:48:09,268 [INFO] PluginManager:217 - loadIPPluginJar : add linkedlist
2022-08-22 10:48:09,273 [INFO] IPUIPlugin:79 - create IPUIPlugin
2022-08-22 10:48:09,274 [INFO] PluginManager:217 - loadIPPluginJar : add dma
2022-08-22 10:48:09,278 [INFO] IPUIPlugin:79 - create IPUIPlugin
2022-08-22 10:48:09,278 [INFO] PluginManager:217 - loadIPPluginJar : add fmc
2022-08-22 10:48:09,280 [INFO] IPUIPlugin:79 - create IPUIPlugin
2022-08-22 10:48:09,280 [INFO] PluginManager:217 - loadIPPluginJar : add i2s
2022-08-22 10:48:09,282 [INFO] IPUIPlugin:79 - create IPUIPlugin
2022-08-22 10:48:09,282 [INFO] PluginManager:217 - loadIPPluginJar : add ucpd
2022-08-22 10:48:09,284 [INFO] IPUIPlugin:79 - create IPUIPlugin
2022-08-22 10:48:09,284 [INFO] PluginManager:217 - loadIPPluginJar : add lorawan
2022-08-22 10:48:09,287 [INFO] IPUIPlugin:79 - create IPUIPlugin
2022-08-22 10:48:09,287 [INFO] PluginManager:217 - loadIPPluginJar : add opamp
2022-08-22 10:48:09,289 [INFO] IPUIPlugin:79 - create IPUIPlugin
2022-08-22 10:48:09,290 [INFO] PluginManager:217 - loadIPPluginJar : add touchsensing
2022-08-22 10:48:09,292 [INFO] IPUIPlugin:79 - create IPUIPlugin
2022-08-22 10:48:09,292 [INFO] PluginManager:217 - loadIPPluginJar : add i2c
2022-08-22 10:48:09,296 [INFO] IPUIPlugin:79 - create IPUIPlugin
2022-08-22 10:48:09,296 [INFO] PluginManager:217 - loadIPPluginJar : add resmgrutility
2022-08-22 10:48:09,299 [INFO] IPUIPlugin:79 - create IPUIPlugin
2022-08-22 10:48:09,299 [INFO] PluginManager:217 - loadIPPluginJar : add sai
2022-08-22 10:48:09,302 [INFO] IPUIPlugin:79 - create IPUIPlugin
2022-08-22 10:48:09,302 [INFO] PluginManager:217 - loadIPPluginJar : add usbx
2022-08-22 10:48:09,538 [FATAL] Updater:301 - Updater called before beeing initialized
2022-08-22 10:48:09,612 [FATAL] Updater:301 - Updater called before beeing initialized
2022-08-22 10:48:09,620 [INFO] DbMcusAds:52 - JSON generation date=Thu Sep 30 12:55:09 BDT 2021 (1632984909377)
2022-08-22 10:48:09,620 [FATAL] Updater:301 - Updater called before beeing initialized
2022-08-22 10:48:09,770 [WARN] DetailPanel:344 - Failed to get advertising image, set to default
2022-08-22 10:48:09,893 [FATAL] Updater:301 - Updater called before beeing initialized
2022-08-22 10:48:09,896 [FATAL] Updater:301 - Updater called before beeing initialized
2022-08-22 10:48:09,896 [FATAL] Updater:301 - Updater called before beeing initialized
2022-08-22 10:48:09,896 [WARN] DetailPanel:344 - Failed to get advertising image, set to default
2022-08-22 10:48:09,897 [FATAL] Updater:301 - Updater called before beeing initialized
2022-08-22 10:48:09,929 [ERROR] Updater:1105 - MainUpdater not yet initialized. External WinMGr cannot be set.
2022-08-22 10:48:09,953 [INFO] Updater:1041 - Updater Version found : 6.6.1
2022-08-22 10:48:09,973 [INFO] ApplicationProperties:181 - Using Application install path: /Applications/STM32CubeIDE.app/Contents/Eclipse/plugins/com.st.stm32cube.common.mx_6.6.1.202207061420
2022-08-22 10:48:10,898 [INFO] ThirdPartyUpdaterWithRetryManager:70 - Updater plugin not ready yet. [2/15]
2022-08-22 10:48:11,577 [INFO] MainUpdater:2768 - connection check result : 10
2022-08-22 10:48:11,578 [INFO] MainUpdater:3453 - Updater definition file requires update
2022-08-22 10:48:11,579 [INFO] MainUpdater:280 - Updater Check For Update Now.
2022-08-22 10:48:11,580 [INFO] MicroXplorer:481 - Change Database Version : DB.6.0.60
2022-08-22 10:48:11,939 [INFO] ServerAccessManage:474 - Download File updaters.zip
2022-08-22 10:48:12,268 [INFO] FileExtend:239 - Unzip File : updaters.zip
2022-08-22 10:48:12,268 [INFO] FileExtend:254 - Standard Zip Deflate
2022-08-22 10:48:12,583 [INFO] ServerAccessManage:474 - Download File PacksControlFlags.xml
2022-08-22 10:48:12,716 [INFO] ServerAccessManage:474 - Download File cubemx.pidx
2022-08-22 10:48:13,844 [INFO] ServerAccessManage:474 - Download File STMicroelectronics.X-CUBE-ISPU.pdsc
2022-08-22 10:48:13,899 [WARN] MainUpdater:1184 - Updater busy. Cannot search thirdparties
2022-08-22 10:48:13,899 [INFO] ThirdPartyUpdaterWithRetryManager:96 - Updater plugin is busy. [1/15]
2022-08-22 10:48:14,991 [WARN] PackLoader:242 - Cannot read IP mode file for STMicroelectronics.X-CUBE-ISPU.1.0.0
2022-08-22 10:48:14,995 [INFO] PopulateThirdPartyThread:64 - Ending populate Thread
2022-08-22 10:48:14,997 [INFO] ThirdParty:981 - CMSIS Pack Vendor :STMicroelectronics X-CUBE-ISPU 1.0.0
2022-08-22 10:48:14,997 [INFO] LoadServerUpdatesThread:367 - End of LoadServerUpdate Thread
2022-08-22 10:48:15,112 [INFO] CheckServerUpdateThread:119 - End of CheckServer Thread
2022-08-22 10:48:15,197 [INFO] MainUpdater:2768 - connection check result : 10
2022-08-22 10:48:15,201 [INFO] McuFinderGlobals:57 - Set McuFinderConnectedMode to true
2022-08-22 10:48:15,522 [INFO] ServerAccessManage:474 - Download File mcusAds.json._tmp_
2022-08-22 10:48:15,523 [ERROR] LogOutputStream:74 - [STDERR_REDIRECT] java.lang.IndexOutOfBoundsException: Index 4 out of bounds for length 4
2022-08-22 10:48:15,524 [ERROR] LogOutputStream:74 - [STDERR_REDIRECT] 	at java.base/jdk.internal.util.Preconditions.outOfBounds(Preconditions.java:64)
2022-08-22 10:48:15,524 [ERROR] LogOutputStream:74 - [STDERR_REDIRECT] 	at java.base/jdk.internal.util.Preconditions.outOfBoundsCheckIndex(Preconditions.java:70)
2022-08-22 10:48:15,525 [ERROR] LogOutputStream:74 - [STDERR_REDIRECT] 	at java.base/jdk.internal.util.Preconditions.checkIndex(Preconditions.java:248)
2022-08-22 10:48:15,525 [ERROR] LogOutputStream:74 - [STDERR_REDIRECT] 	at java.base/java.util.Objects.checkIndex(Objects.java:372)
2022-08-22 10:48:15,525 [ERROR] LogOutputStream:74 - [STDERR_REDIRECT] 	at java.base/java.util.ArrayList.get(ArrayList.java:459)
2022-08-22 10:48:15,526 [ERROR] LogOutputStream:74 - [STDERR_REDIRECT] 	at java.desktop/java.awt.Container.createHierarchyEvents(Container.java:1466)
2022-08-22 10:48:15,526 [ERROR] LogOutputStream:74 - [STDERR_REDIRECT] 	at java.desktop/java.awt.Container.createHierarchyEvents(Container.java:1466)
2022-08-22 10:48:15,526 [ERROR] LogOutputStream:74 - [STDERR_REDIRECT] 	at java.desktop/java.awt.Container.createHierarchyEvents(Container.java:1466)
2022-08-22 10:48:15,527 [ERROR] LogOutputStream:74 - [STDERR_REDIRECT] 	at java.desktop/java.awt.Container.createHierarchyEvents(Container.java:1466)
2022-08-22 10:48:15,527 [ERROR] LogOutputStream:74 - [STDERR_REDIRECT] 	at java.desktop/java.awt.Container.createHierarchyEvents(Container.java:1466)
2022-08-22 10:48:15,527 [ERROR] LogOutputStream:74 - [STDERR_REDIRECT] 	at java.desktop/java.awt.Container.createHierarchyEvents(Container.java:1466)
2022-08-22 10:48:15,528 [ERROR] LogOutputStream:74 - [STDERR_REDIRECT] 	at java.desktop/java.awt.Dialog.conditionalShow(Dialog.java:953)
2022-08-22 10:48:15,528 [ERROR] LogOutputStream:74 - [STDERR_REDIRECT] 	at java.desktop/java.awt.Dialog.show(Dialog.java:1045)
2022-08-22 10:48:15,529 [ERROR] LogOutputStream:74 - [STDERR_REDIRECT] 	at com.st.microxplorer.plugins.updater.gui.ProgressBarDialog.startProgressBar(ProgressBarDialog.java:153)
2022-08-22 10:48:15,529 [ERROR] LogOutputStream:74 - [STDERR_REDIRECT] 	at com.st.microxplorer.plugins.updater.engine.MainUpdater.loadUrlFiles(MainUpdater.java:2423)
2022-08-22 10:48:15,529 [ERROR] LogOutputStream:74 - [STDERR_REDIRECT] 	at com.st.microxplorer.plugins.updater.Updater.getSpecificTask(Updater.java:359)
2022-08-22 10:48:15,529 [ERROR] LogOutputStream:74 - [STDERR_REDIRECT] 	at com.st.microxplorer.mcufinder.gui.WebUtils.downloadDbFile(WebUtils.java:611)
2022-08-22 10:48:15,530 [ERROR] LogOutputStream:74 - [STDERR_REDIRECT] 	at com.st.microxplorer.mcufinder.gui.WebUtils.downloadDbFiles(WebUtils.java:754)
2022-08-22 10:48:15,530 [ERROR] LogOutputStream:74 - [STDERR_REDIRECT] 	at com.st.stm32cube.common.mx.targetselector.TargetSelectorAdapter$4.run(TargetSelectorAdapter.java:226)
2022-08-22 10:48:15,530 [ERROR] LogOutputStream:74 - [STDERR_REDIRECT] 	at com.st.stm32cube.common.mx.oss.core.awtswtbridge.AwtEnvironment$2.run(AwtEnvironment.java:166)
2022-08-22 10:48:15,531 [ERROR] LogOutputStream:74 - [STDERR_REDIRECT] 	at java.desktop/java.awt.event.InvocationEvent.dispatch(InvocationEvent.java:313)
2022-08-22 10:48:15,531 [ERROR] LogOutputStream:74 - [STDERR_REDIRECT] 	at java.desktop/java.awt.EventQueue.dispatchEventImpl(EventQueue.java:770)
2022-08-22 10:48:15,531 [ERROR] LogOutputStream:74 - [STDERR_REDIRECT] 	at java.desktop/java.awt.EventQueue$4.run(EventQueue.java:721)
2022-08-22 10:48:15,531 [ERROR] LogOutputStream:74 - [STDERR_REDIRECT] 	at java.desktop/java.awt.EventQueue$4.run(EventQueue.java:715)
2022-08-22 10:48:15,532 [ERROR] LogOutputStream:74 - [STDERR_REDIRECT] 	at java.base/java.security.AccessController.doPrivileged(Native Method)
2022-08-22 10:48:15,532 [ERROR] LogOutputStream:74 - [STDERR_REDIRECT] 	at java.base/java.security.ProtectionDomain$JavaSecurityAccessImpl.doIntersectionPrivilege(ProtectionDomain.java:85)
2022-08-22 10:48:15,532 [ERROR] LogOutputStream:74 - [STDERR_REDIRECT] 	at java.desktop/java.awt.EventQueue.dispatchEvent(EventQueue.java:740)
2022-08-22 10:48:15,532 [ERROR] LogOutputStream:74 - [STDERR_REDIRECT] 	at java.desktop/java.awt.EventDispatchThread.pumpOneEventForFilters(EventDispatchThread.java:203)
2022-08-22 10:48:15,533 [ERROR] LogOutputStream:74 - [STDERR_REDIRECT] 	at java.desktop/java.awt.EventDispatchThread.pumpEventsForFilter(EventDispatchThread.java:124)
2022-08-22 10:48:15,533 [ERROR] LogOutputStream:74 - [STDERR_REDIRECT] 	at java.desktop/java.awt.EventDispatchThread.pumpEventsForHierarchy(EventDispatchThread.java:113)
2022-08-22 10:48:15,533 [ERROR] LogOutputStream:74 - [STDERR_REDIRECT] 	at java.desktop/java.awt.EventDispatchThread.pumpEvents(EventDispatchThread.java:109)
2022-08-22 10:48:15,533 [ERROR] LogOutputStream:74 - [STDERR_REDIRECT] 	at java.desktop/java.awt.EventDispatchThread.pumpEvents(EventDispatchThread.java:101)
2022-08-22 10:48:15,534 [ERROR] LogOutputStream:74 - [STDERR_REDIRECT] 	at java.desktop/java.awt.EventDispatchThread.run(EventDispatchThread.java:90)
2022-08-22 10:48:15,643 [INFO] LoadUrlFilesThread:150 - End of LoadUrlFiles Thread
2022-08-22 10:48:16,864 [ERROR] LogOutputStream:74 - [STDERR_REDIRECT] SLF4J: Failed to load class "org.slf4j.impl.StaticLoggerBinder".
2022-08-22 10:48:16,864 [ERROR] LogOutputStream:74 - [STDERR_REDIRECT] SLF4J: Defaulting to no-operation (NOP) logger implementation
2022-08-22 10:48:16,864 [ERROR] LogOutputStream:74 - [STDERR_REDIRECT] SLF4J: See http://www.slf4j.org/codes.html#StaticLoggerBinder for further details.
2022-08-22 10:48:16,999 [WARN] PackLoader:242 - Cannot read IP mode file for STMicroelectronics.X-CUBE-GNSS1.6.0.0
2022-08-22 10:48:17,033 [WARN] PackLoader:242 - Cannot read IP mode file for STMicroelectronics.X-CUBE-AZRTOS-F4.1.1.0
2022-08-22 10:48:17,057 [WARN] PackLoader:242 - Cannot read IP mode file for STMicroelectronics.X-CUBE-AZRTOS-F7.1.1.0
2022-08-22 10:48:17,068 [WARN] PackLoader:242 - Cannot read IP mode file for STMicroelectronics.X-CUBE-BLE1.6.2.3
2022-08-22 10:48:17,074 [WARN] PackLoader:242 - Cannot read IP mode file for STMicroelectronics.X-CUBE-NFC4.2.0.4
2022-08-22 10:48:17,086 [WARN] PackLoader:242 - Cannot read IP mode file for STMicroelectronics.X-CUBE-TOF1.3.1.0
2022-08-22 10:48:17,097 [WARN] PackLoader:242 - Cannot read IP mode file for STMicroelectronics.X-CUBE-NFC7.1.0.0
2022-08-22 10:48:17,152 [WARN] PackLoader:242 - Cannot read IP mode file for STMicroelectronics.X-CUBE-MEMS1.9.3.0
2022-08-22 10:48:17,342 [WARN] PackLoader:242 - Cannot read IP mode file for STMicroelectronics.X-CUBE-AI.7.2.0
2022-08-22 10:48:17,350 [WARN] PackLoader:242 - Cannot read IP mode file for STMicroelectronics.X-CUBE-SFXS2LP1.4.0.0
2022-08-22 10:48:17,358 [WARN] PackLoader:242 - Cannot read IP mode file for STMicroelectronics.X-CUBE-BLE2.3.3.0
2022-08-22 10:48:17,369 [WARN] PackLoader:242 - Cannot read IP mode file for STMicroelectronics.X-CUBE-DISPLAY.2.2.0
2022-08-22 10:48:17,377 [WARN] PackLoader:242 - Cannot read IP mode file for STMicroelectronics.X-CUBE-ISPU.1.0.0
2022-08-22 10:48:17,388 [WARN] PackLoader:242 - Cannot read IP mode file for RoweBots.I-CUBE-UNISONRTOS.5.5.0-4
2022-08-22 10:48:17,416 [WARN] PackLoader:242 - Cannot read IP mode file for STMicroelectronics.X-CUBE-AZRTOS-H7.2.1.0
2022-08-22 10:48:17,425 [WARN] PackLoader:242 - Cannot read IP mode file for wolfSSL.I-CUBE-wolfSSL.5.4.0
2022-08-22 10:48:17,437 [WARN] PackLoader:242 - Cannot read IP mode file for STMicroelectronics.X-CUBE-BLEMGR.1.0.0
2022-08-22 10:48:17,446 [WARN] PackLoader:242 - Cannot read IP mode file for STMicroelectronics.X-CUBE-ALGOBUILD.1.3.0
2022-08-22 10:48:17,465 [WARN] PackLoader:242 - Cannot read IP mode file for STMicroelectronics.X-CUBE-AZRTOS-G0.1.1.0
2022-08-22 10:48:17,479 [WARN] PackLoader:242 - Cannot read IP mode file for STMicroelectronics.X-CUBE-SUBG2.5.0.0
2022-08-22 10:48:17,523 [WARN] PackLoader:242 - Cannot read IP mode file for SEGGER.I-CUBE-embOS.1.2.0
2022-08-22 10:48:17,555 [WARN] PackLoader:242 - Cannot read IP mode file for STMicroelectronics.FP-ATR-ASTRA1.1.1.0
2022-08-22 10:48:17,568 [WARN] PackLoader:242 - Cannot read IP mode file for STMicroelectronics.X-CUBE-AZRTOS-G4.1.0.0
2022-08-22 10:48:17,587 [WARN] PackLoader:242 - Cannot read IP mode file for STMicroelectronics.X-CUBE-AZRTOS-L4.1.0.0
2022-08-22 10:48:17,596 [WARN] PackLoader:242 - Cannot read IP mode file for emotas.I-CUBE-CANOPEN.1.1.2
2022-08-22 10:48:17,599 [WARN] PackLoader:242 - Cannot read IP mode file for STMicroelectronics.X-CUBE-TOUCHGFX.4.20.0
2022-08-22 10:48:17,608 [WARN] PackLoader:242 - Cannot read IP mode file for STMicroelectronics.X-CUBE-AZRTOS-WL.1.0.0
2022-08-22 10:48:17,612 [WARN] PackLoader:242 - Cannot read IP mode file for portGmbH.I-Cube-SoM-uGOAL.1.1.0
2022-08-22 10:48:17,615 [WARN] PackLoader:242 - Cannot read IP mode file for STMicroelectronics.X-CUBE-ALS.1.0.1
2022-08-22 10:48:17,627 [WARN] PackLoader:242 - Cannot read IP mode file for STMicroelectronics.X-CUBE-AZRTOS-L5.1.0.0
2022-08-22 10:48:17,635 [WARN] PackLoader:242 - Cannot read IP mode file for STMicroelectronics.X-CUBE-EEPRMA1.3.1.1
2022-08-22 10:48:17,637 [INFO] ThirdParty:929 - Integrity check success = true
2022-08-22 10:48:17,637 [INFO] IntegrityCheckThread:98 - exiting critical section [integrity check]
2022-08-22 10:48:17,637 [INFO] IntegrityCheckThread:101 - End integrity checks thread
2022-08-22 10:48:19,451 [INFO] DbMcusAds:52 - JSON generation date=Thu Sep 30 12:55:09 BDT 2021 (1632984909377)
2022-08-22 10:48:19,477 [ERROR] TargetSelectorAdapter:236 - Unable to refresh data
2022-08-22 10:48:19,696 [INFO] McuFinderGlobals:57 - Set McuFinderConnectedMode to false
2022-08-22 10:48:19,705 [INFO] MultiScanPanel:195 - Auto-refresh data requested => check proxy status ongoing
2022-08-22 10:48:19,705 [INFO] MultiScanPanel:199 - Proxy status is invalid
2022-08-22 10:48:19,708 [INFO] FinderPluginLoader:92 - Searching for filters in installed packs
2022-08-22 10:48:20,280 [INFO] ApiDb:576 - Connected to CubeFinder SQLite database (/Users/sandilazad/.stmcufinder/plugins/mcufinder/mcu/cube-finder-db.db)
2022-08-22 10:48:20,343 [INFO] ApiDb:663 - CubeFinder database Data Model version=2.1
2022-08-22 10:48:20,343 [INFO] ApiDb:664 - CubeFinder database Configuration version=3.0.32
2022-08-22 10:48:20,343 [INFO] ApiDb:665 - CubeFinder database generation date=2022-07-13 (1657716335)
2022-08-22 10:48:20,344 [INFO] ApiDb:666 - CubeFinder database FW Pack versions=[STM32Cube_FW_C0_V1.0.0, STM32Cube_FW_F4_V1.27.1, STM32Cube_FW_F7_V1.17.0, STM32Cube_FW_G0_V1.6.1, STM32Cube_FW_G4_V1.5.0, STM32Cube_FW_H7_V1.10.0, STM32Cube_FW_L5_V1.4.0, STM32Cube_FW_U5_V1.1.1, STM32Cube_FW_WB_V1.14.0, STM32Cube_FW_WL_V1.2.0, X-CUBE-ALGOBUILD_V1.3.0, X-CUBE-ALS_V1.0.1, X-CUBE-AZRTOS-F4_V1.0.0, X-CUBE-AZRTOS-F7_V1.1.0, X-CUBE-AZRTOS-G0_V1.1.0, X-CUBE-AZRTOS-G4_V1.0.0, X-CUBE-AZRTOS-H7_V2.1.0, X-CUBE-AZRTOS-L4_V1.0.0, X-CUBE-AZRTOS-L5_V1.0.0, X-CUBE-AZRTOS-WL_V1.0.0, X-CUBE-BLE1_V6.2.3, X-CUBE-BLE2_V3.3.0, X-CUBE-EEPRMA1_V3.1.1, X-CUBE-GNSS1_V6.0.0, X-CUBE-MEMS1_V9.1.0, X-CUBE-NFC4_V2.0.3, X-CUBE-NFC7_V1.0.0, X-CUBE-SFXS2LP1_V3.1.0, X-CUBE-SUBG2_V5.0.0]
2022-08-22 10:48:23,278 [INFO] ApiDb:239 - Found 138 in-development CPN: [B-WB1M-WPAN1, NUCLEO-C031C6, STEVAL-STWINBX1, STM320518-EVAL, STM32C0116-DK, STM32C011D6Y3TR, STM32C011D6Y6TR, STM32C011F4P3, STM32C011F4P6, STM32C011F4U3, STM32C011F4U6TR, STM32C011F6P3, STM32C011F6P6, STM32C011F6U3, STM32C011F6U6TR, STM32C011J4M3, STM32C011J4M6, STM32C011J6M3, STM32C011J6M6, STM32C0316-DK, STM32C031C4T3, STM32C031C4T6, STM32C031C4U3, STM32C031C4U6, STM32C031C6T3, STM32C031C6T6, STM32C031C6U3, STM32C031C6U6, STM32C031F4P3, STM32C031F4P6, STM32C031F6P3, STM32C031F6P6, STM32C031G4U3, STM32C031G4U6, STM32C031G6U3, STM32C031G6U6, STM32C031K4T3, STM32C031K4T6, STM32C031K4U3, STM32C031K4U6, STM32C031K6T3, STM32C031K6T6, STM32C031K6U3, STM32C031K6U6, STM32G071K8TXN, STM32G071K8UXN, STM32G081GBU6N, STM32G081KBT6N, STM32G081KBUXN, STM32G0B1CCT6N, STM32G0B1KCT6, STM32G0B1NEY6TR, STM32G0B1RCT6N, STM32G0C1CCT6, STM32G0C1CCT6N, STM32G0C1CCU6N, STM32G0C1CET6N, STM32G0C1CEU6N, STM32G0C1KCT6, STM32G0C1NEY6TR, STM32G0C1RCI6N, STM32G0C1RCT6N, STM32G0C1REI6N, STM32G0C1RET6N, STM32G0C1VCI6, STM32G0C1VEI6, STM32G471CCT6, STM32G471CCU6, STM32G471CET3, STM32G471CET6, STM32G471CEU3, STM32G471CEU6, STM32G471MCT6, STM32G471MET3, STM32G471MET6, STM32G471MEY6TR, STM32G471QCT6, STM32G471QET3, STM32G471RCT6, STM32G471RET3, STM32G471RET6, STM32G471VCH6, STM32G471VCI6, STM32G471VCT6, STM32G471VEH3, STM32G471VEH6, STM32G471VEI3, STM32G471VEI6, STM32G471VET3, STM32G471VET6, STM32G474CCT6, STM32L476VGY6PTR, STM32L4R5QGI6STR, STM32MP131AAE3, STM32MP131AAF3, STM32MP131AAG3, STM32MP131CAE3, STM32MP131CAF3, STM32MP131CAG3, STM32MP131DAE7, STM32MP131DAF7, STM32MP131DAG7, STM32MP131FAE7, STM32MP131FAF7, STM32MP131FAG7, STM32MP133AAE3, STM32MP133AAF3, STM32MP133AAG3, STM32MP133CAE3, STM32MP133CAF3, STM32MP133CAG3, STM32MP133DAE7, STM32MP133DAF7, STM32MP133DAG7, STM32MP133FAE7, STM32MP133FAF7, STM32MP133FAG7, STM32MP135AAE3, STM32MP135AAF3, STM32MP135AAG3, STM32MP135CAE3, STM32MP135CAF3, STM32MP135CAG3, STM32MP135DAE7, STM32MP135DAF7, STM32MP135DAG7, STM32MP135F-DK, STM32MP135FAE7, STM32MP135FAF7, STM32MP135FAG7, STM32U595ZJT6Q, STM32U599BJY6QTR, STM32U599NIH6Q, STM32U599NJH6Q, STM32U5A5ZJT6Q, STM32U5A9BJY6QTR, STM32U5A9NJH6Q, STM32WB1MMCH6]
2022-08-22 10:48:23,285 [INFO] DbMcus:215 - Found 3542 MCUs, 3542 are supported
2022-08-22 10:48:23,289 [INFO] ApiDb:418 - Load user favorites file /Users/sandilazad/.stm32cubeide/favorites.mcus.txt: 0 item(s)
2022-08-22 10:48:23,289 [INFO] ApiDb:422 - User favorites MCUs=[]
2022-08-22 10:48:23,289 [INFO] DbMcus:221 - Set 0 / 0 favorites MCUs
2022-08-22 10:48:24,656 [INFO] DetailPanel:339 - Set advertising image to /Users/sandilazad/STM32Cube/Repository//en.Prom_NBSTM32U50921.jpg
2022-08-22 10:48:25,375 [INFO] ApiDb:663 - CubeFinder database Data Model version=2.1
2022-08-22 10:48:25,375 [INFO] ApiDb:664 - CubeFinder database Configuration version=3.0.32
2022-08-22 10:48:25,375 [INFO] ApiDb:665 - CubeFinder database generation date=2022-07-13 (1657716335)
2022-08-22 10:48:25,375 [INFO] ApiDb:666 - CubeFinder database FW Pack versions=[STM32Cube_FW_C0_V1.0.0, STM32Cube_FW_F4_V1.27.1, STM32Cube_FW_F7_V1.17.0, STM32Cube_FW_G0_V1.6.1, STM32Cube_FW_G4_V1.5.0, STM32Cube_FW_H7_V1.10.0, STM32Cube_FW_L5_V1.4.0, STM32Cube_FW_U5_V1.1.1, STM32Cube_FW_WB_V1.14.0, STM32Cube_FW_WL_V1.2.0, X-CUBE-ALGOBUILD_V1.3.0, X-CUBE-ALS_V1.0.1, X-CUBE-AZRTOS-F4_V1.0.0, X-CUBE-AZRTOS-F7_V1.1.0, X-CUBE-AZRTOS-G0_V1.1.0, X-CUBE-AZRTOS-G4_V1.0.0, X-CUBE-AZRTOS-H7_V2.1.0, X-CUBE-AZRTOS-L4_V1.0.0, X-CUBE-AZRTOS-L5_V1.0.0, X-CUBE-AZRTOS-WL_V1.0.0, X-CUBE-BLE1_V6.2.3, X-CUBE-BLE2_V3.3.0, X-CUBE-EEPRMA1_V3.1.1, X-CUBE-GNSS1_V6.0.0, X-CUBE-MEMS1_V9.1.0, X-CUBE-NFC4_V2.0.3, X-CUBE-NFC7_V1.0.0, X-CUBE-SFXS2LP1_V3.1.0, X-CUBE-SUBG2_V5.0.0]
2022-08-22 10:48:25,455 [INFO] DbBoardsSqlite:227 - include board P-NUCLEO-WB55-NUCLEO as a kit item of type 'Nucleo-64'
2022-08-22 10:48:25,455 [INFO] DbBoardsSqlite:227 - include board P-NUCLEO-WB55-USBDONGLE as a kit item of type 'Nucleo USB Dongle'
2022-08-22 10:48:25,455 [INFO] DbBoardsSqlite:227 - include board STEVAL-IDP005V1 as a kit item of type 'Evaluation Board'
2022-08-22 10:48:25,456 [INFO] DbBoardsSqlite:227 - include board STEVAL-IDP005V2 as a kit item of type 'Evaluation Board'
2022-08-22 10:48:25,470 [INFO] ApiDb:239 - Found 138 in-development CPN: [B-WB1M-WPAN1, NUCLEO-C031C6, STEVAL-STWINBX1, STM320518-EVAL, STM32C0116-DK, STM32C011D6Y3TR, STM32C011D6Y6TR, STM32C011F4P3, STM32C011F4P6, STM32C011F4U3, STM32C011F4U6TR, STM32C011F6P3, STM32C011F6P6, STM32C011F6U3, STM32C011F6U6TR, STM32C011J4M3, STM32C011J4M6, STM32C011J6M3, STM32C011J6M6, STM32C0316-DK, STM32C031C4T3, STM32C031C4T6, STM32C031C4U3, STM32C031C4U6, STM32C031C6T3, STM32C031C6T6, STM32C031C6U3, STM32C031C6U6, STM32C031F4P3, STM32C031F4P6, STM32C031F6P3, STM32C031F6P6, STM32C031G4U3, STM32C031G4U6, STM32C031G6U3, STM32C031G6U6, STM32C031K4T3, STM32C031K4T6, STM32C031K4U3, STM32C031K4U6, STM32C031K6T3, STM32C031K6T6, STM32C031K6U3, STM32C031K6U6, STM32G071K8TXN, STM32G071K8UXN, STM32G081GBU6N, STM32G081KBT6N, STM32G081KBUXN, STM32G0B1CCT6N, STM32G0B1KCT6, STM32G0B1NEY6TR, STM32G0B1RCT6N, STM32G0C1CCT6, STM32G0C1CCT6N, STM32G0C1CCU6N, STM32G0C1CET6N, STM32G0C1CEU6N, STM32G0C1KCT6, STM32G0C1NEY6TR, STM32G0C1RCI6N, STM32G0C1RCT6N, STM32G0C1REI6N, STM32G0C1RET6N, STM32G0C1VCI6, STM32G0C1VEI6, STM32G471CCT6, STM32G471CCU6, STM32G471CET3, STM32G471CET6, STM32G471CEU3, STM32G471CEU6, STM32G471MCT6, STM32G471MET3, STM32G471MET6, STM32G471MEY6TR, STM32G471QCT6, STM32G471QET3, STM32G471RCT6, STM32G471RET3, STM32G471RET6, STM32G471VCH6, STM32G471VCI6, STM32G471VCT6, STM32G471VEH3, STM32G471VEH6, STM32G471VEI3, STM32G471VEI6, STM32G471VET3, STM32G471VET6, STM32G474CCT6, STM32L476VGY6PTR, STM32L4R5QGI6STR, STM32MP131AAE3, STM32MP131AAF3, STM32MP131AAG3, STM32MP131CAE3, STM32MP131CAF3, STM32MP131CAG3, STM32MP131DAE7, STM32MP131DAF7, STM32MP131DAG7, STM32MP131FAE7, STM32MP131FAF7, STM32MP131FAG7, STM32MP133AAE3, STM32MP133AAF3, STM32MP133AAG3, STM32MP133CAE3, STM32MP133CAF3, STM32MP133CAG3, STM32MP133DAE7, STM32MP133DAF7, STM32MP133DAG7, STM32MP133FAE7, STM32MP133FAF7, STM32MP133FAG7, STM32MP135AAE3, STM32MP135AAF3, STM32MP135AAG3, STM32MP135CAE3, STM32MP135CAF3, STM32MP135CAG3, STM32MP135DAE7, STM32MP135DAF7, STM32MP135DAG7, STM32MP135F-DK, STM32MP135FAE7, STM32MP135FAF7, STM32MP135FAG7, STM32U595ZJT6Q, STM32U599BJY6QTR, STM32U599NIH6Q, STM32U599NJH6Q, STM32U5A5ZJT6Q, STM32U5A9BJY6QTR, STM32U5A9NJH6Q, STM32WB1MMCH6]
2022-08-22 10:48:25,699 [INFO] BoardInfo:879 - No configuration file found for board P-NUCLEO-WB55
2022-08-22 10:48:25,699 [INFO] DbBoards:156 - Kit is not supported: P-NUCLEO-WB55
2022-08-22 10:48:25,711 [INFO] BoardInfo:879 - No configuration file found for board STEVAL-BFA001V1B
2022-08-22 10:48:25,711 [INFO] DbBoards:156 - Kit is not supported: STEVAL-BFA001V1B
2022-08-22 10:48:25,714 [INFO] BoardInfo:879 - No configuration file found for board STEVAL-BFA001V2B
2022-08-22 10:48:25,715 [INFO] DbBoards:156 - Kit is not supported: STEVAL-BFA001V2B
2022-08-22 10:48:26,004 [INFO] DbBoards:160 - Found 176 boards, 173 are supported
2022-08-22 10:48:26,011 [INFO] ApiDb:418 - Load user favorites file /Users/sandilazad/.stm32cubeide/favorites.boards.txt: 0 item(s)
2022-08-22 10:48:26,012 [INFO] ApiDb:422 - User favorites Boards=[]
2022-08-22 10:48:26,012 [INFO] DbBoards:189 - Set 0 / 0 favorites Boards
2022-08-22 10:49:40,350 [INFO] MainUpdater:2768 - connection check result : 10
2022-08-22 10:49:40,352 [INFO] MainUpdater:2768 - connection check result : 10
2022-08-22 10:49:40,405 [INFO] MicroXplorer:451 - Change Database Path : 
2022-08-22 10:49:40,405 [INFO] MicroXplorer:481 - Change Database Version : DB.6.0.60
2022-08-22 10:49:40,405 [WARN] ThirdParty:827 - waiting for thirdparty lock release [close project]
2022-08-22 10:49:40,406 [INFO] ThirdParty:829 - entering critical section [close project]
2022-08-22 10:49:40,406 [INFO] ThirdParty:839 - exiting critical section [close project]
2022-08-22 10:49:40,410 [INFO] PinOutPanel:1468 - setPackage(No Configuration,No Configuration)
2022-08-22 10:49:40,416 [INFO] UtilMem:74 - Begin LoadConfig() Used Memory: 390072320 Bytes (548405248)
2022-08-22 10:49:40,417 [INFO] MicroXplorer:451 - Change Database Path : 
2022-08-22 10:49:40,417 [INFO] MicroXplorer:481 - Change Database Version : DB.6.0.60
2022-08-22 10:49:40,417 [INFO] OpenFileManager:307 - Change cursor
2022-08-22 10:49:40,488 [INFO] Mcu:1922 - Initializing MCU STM32F103C8Tx STM32F103C8Tx 
2022-08-22 10:49:40,489 [INFO] Mcu:1935 - No CPN specified => set CPN to STM32F103C8T6
2022-08-22 10:49:41,301 [INFO] Context:654 - Trying to add GPIOservice into a context  which must be forbidden
2022-08-22 10:49:41,534 [INFO] ImportTextPane:193 - (OptionalMessage_ERROR) Unable to find key (Mcu.ThirdPartyNb) in loaded IOC file
2022-08-22 10:49:41,535 [INFO] ImportTextPane:193 - (OptionalMessage_ERROR) Unable to find key (Mcu.PinsNb) in loaded IOC file
2022-08-22 10:49:41,535 [INFO] ImportTextPane:193 - (OptionalMessage_ERROR) Unable to find key (Mcu.IPNb) in loaded IOC file
2022-08-22 10:49:41,595 [WARN] ApiManager:308 - Cannot register API 'Board Extension:GNSS1A1' from pack STMicroelectronics.X-CUBE-GNSS1.6.0.0: no header file found
2022-08-22 10:49:41,595 [WARN] ApiManager:308 - Cannot register API 'Board Support:Custom' from pack STMicroelectronics.X-CUBE-GNSS1.6.0.0: no header file found
2022-08-22 10:49:41,596 [WARN] ApiManager:308 - Cannot register API 'Data Exchange:lib_gnss' from pack STMicroelectronics.X-CUBE-GNSS1.6.0.0: no header file found
2022-08-22 10:49:41,609 [WARN] ApiManager:308 - Cannot register API 'Wireless:BlueNRG-MS' from pack STMicroelectronics.X-CUBE-BLE1.6.2.3: no header file found
2022-08-22 10:49:41,611 [INFO] RtosManager:488 - Registered RTOS mode: class=CMSIS, group=RTOS, mode=CMSIS_V1, owner=FREERTOS
2022-08-22 10:49:41,611 [INFO] RtosManager:488 - Registered RTOS mode: class=CMSIS, group=RTOS2, mode=CMSIS_V2, owner=FREERTOS
2022-08-22 10:49:41,611 [INFO] RtosManager:488 - Registered RTOS mode: class=RTOS, group=Core, mode=CMSIS_V1, owner=FREERTOS
2022-08-22 10:49:41,611 [INFO] RtosManager:488 - Registered RTOS mode: class=RTOS, group=Core, mode=CMSIS_V2, owner=FREERTOS
2022-08-22 10:49:41,612 [WARN] ModelIntegratedComponent:185 - Missing modes for component STMicroelectronics:FreeRTOS:0.0.1:STMicroelectronics:RTOS:FreeRTOS:Core:::10.2.0:
2022-08-22 10:49:41,617 [WARN] ApiManager:308 - Cannot register API 'Board Extension:S2868A1' from pack STMicroelectronics.X-CUBE-SUBG2.5.0.0: no header file found
2022-08-22 10:49:41,617 [WARN] ApiManager:308 - Cannot register API 'Board Extension:S2868A2' from pack STMicroelectronics.X-CUBE-SUBG2.5.0.0: no header file found
2022-08-22 10:49:41,617 [WARN] ApiManager:308 - Cannot register API 'Board Extension:S2915A1' from pack STMicroelectronics.X-CUBE-SUBG2.5.0.0: no header file found
2022-08-22 10:49:41,623 [WARN] ApiManager:308 - Cannot register API 'Board Extension:NFC04A1' from pack STMicroelectronics.X-CUBE-NFC4.2.0.4: no header file found
2022-08-22 10:49:41,630 [WARN] ModelIntegratedComponent:64 - No mode defined for component null
2022-08-22 10:49:41,630 [WARN] ModelIntegratedComponent:64 - No mode defined for component null
2022-08-22 10:49:41,630 [WARN] ModelIntegratedComponent:64 - No mode defined for component null
2022-08-22 10:49:41,631 [WARN] ModelIntegratedComponent:64 - No mode defined for component null
2022-08-22 10:49:41,631 [WARN] ModelIntegratedComponent:64 - No mode defined for component null
2022-08-22 10:49:41,631 [WARN] ModelIntegratedComponent:64 - No mode defined for component null
2022-08-22 10:49:41,631 [WARN] ModelIntegratedComponent:64 - No mode defined for component null
2022-08-22 10:49:41,631 [WARN] ModelIntegratedComponent:64 - No mode defined for component null
2022-08-22 10:49:41,631 [WARN] ModelIntegratedComponent:64 - No mode defined for component null
2022-08-22 10:49:41,631 [WARN] ModelIntegratedComponent:64 - No mode defined for component null
2022-08-22 10:49:41,631 [WARN] ModelIntegratedComponent:64 - No mode defined for component null
2022-08-22 10:49:41,631 [WARN] ModelIntegratedComponent:64 - No mode defined for component null
2022-08-22 10:49:41,631 [WARN] ModelIntegratedComponent:64 - No mode defined for component null
2022-08-22 10:49:41,631 [WARN] ModelIntegratedComponent:64 - No mode defined for component null
2022-08-22 10:49:41,631 [WARN] ModelIntegratedComponent:64 - No mode defined for component null
2022-08-22 10:49:41,631 [WARN] ModelIntegratedComponent:64 - No mode defined for component null
2022-08-22 10:49:41,631 [WARN] ModelIntegratedComponent:64 - No mode defined for component null
2022-08-22 10:49:41,631 [WARN] ModelIntegratedComponent:64 - No mode defined for component null
2022-08-22 10:49:41,631 [WARN] ModelIntegratedComponent:64 - No mode defined for component null
2022-08-22 10:49:41,632 [WARN] ModelIntegratedComponent:64 - No mode defined for component null
2022-08-22 10:49:41,632 [WARN] ModelIntegratedComponent:64 - No mode defined for component null
2022-08-22 10:49:41,632 [WARN] ModelIntegratedComponent:64 - No mode defined for component null
2022-08-22 10:49:41,632 [WARN] ModelIntegratedComponent:64 - No mode defined for component null
2022-08-22 10:49:41,632 [WARN] ModelIntegratedComponent:64 - No mode defined for component null
2022-08-22 10:49:41,632 [WARN] ModelIntegratedComponent:64 - No mode defined for component null
2022-08-22 10:49:41,632 [WARN] ModelIntegratedComponent:64 - No mode defined for component null
2022-08-22 10:49:41,632 [WARN] ModelIntegratedComponent:64 - No mode defined for component null
2022-08-22 10:49:41,632 [WARN] ModelIntegratedComponent:64 - No mode defined for component null
2022-08-22 10:49:41,632 [WARN] ModelIntegratedComponent:64 - No mode defined for component null
2022-08-22 10:49:41,632 [WARN] ModelIntegratedComponent:64 - No mode defined for component null
2022-08-22 10:49:41,632 [WARN] ModelIntegratedComponent:64 - No mode defined for component null
2022-08-22 10:49:41,632 [WARN] ModelIntegratedComponent:64 - No mode defined for component null
2022-08-22 10:49:41,632 [WARN] ModelIntegratedComponent:64 - No mode defined for component null
2022-08-22 10:49:41,635 [WARN] ApiManager:308 - Cannot register API 'Board Extension:NFC07A1' from pack STMicroelectronics.X-CUBE-NFC7.1.0.0: no header file found
2022-08-22 10:49:41,804 [WARN] ApiManager:308 - Cannot register API 'Board Extension:IKS01A3' from pack STMicroelectronics.X-CUBE-MEMS1.9.3.0: no header file found
2022-08-22 10:49:41,805 [WARN] ApiManager:308 - Cannot register API 'Board Extension:IKS01A2' from pack STMicroelectronics.X-CUBE-MEMS1.9.3.0: no header file found
2022-08-22 10:49:41,805 [WARN] ApiManager:308 - Cannot register API 'Board Extension:IKS02A1' from pack STMicroelectronics.X-CUBE-MEMS1.9.3.0: no header file found
2022-08-22 10:49:41,816 [WARN] ApiManager:308 - Cannot register API 'Board Extension:EEPRMA1' from pack STMicroelectronics.X-CUBE-EEPRMA1.3.1.1: no header file found
2022-08-22 10:49:41,817 [WARN] ApiManager:308 - Cannot register API 'Board Extension:EEPRMA2' from pack STMicroelectronics.X-CUBE-EEPRMA1.3.1.1: no header file found
2022-08-22 10:49:41,817 [WARN] ApiManager:308 - Cannot register API 'Board Extension:S2868A1' from pack STMicroelectronics.X-CUBE-SFXS2LP1.4.0.0: no header file found
2022-08-22 10:49:41,818 [WARN] ApiManager:308 - Cannot register API 'Board Extension:S2868A2' from pack STMicroelectronics.X-CUBE-SFXS2LP1.4.0.0: no header file found
2022-08-22 10:49:41,818 [WARN] ApiManager:308 - Cannot register API 'Board Extension:S2915A1' from pack STMicroelectronics.X-CUBE-SFXS2LP1.4.0.0: no header file found
2022-08-22 10:49:41,818 [WARN] ApiManager:308 - Cannot register API 'Wireless:BlueNRG-2' from pack STMicroelectronics.X-CUBE-BLE2.3.3.0: no header file found
2022-08-22 10:49:41,827 [INFO] ThirdPartyModel:289 - Start build external matchings
2022-08-22 10:49:42,181 [INFO] ThirdPartyModel:302 - End build external matchings
2022-08-22 10:49:42,351 [INFO] UtilMem:74 - End LoadConfig() Used Memory: 390681744 Bytes (548405248)
2022-08-22 10:49:42,376 [WARN] ThirdParty:789 - waiting for thirdparty lock release [change project]
2022-08-22 10:49:42,377 [INFO] ThirdParty:791 - entering critical section [change project]
2022-08-22 10:49:42,377 [INFO] ThirdParty:981 - CMSIS Pack Vendor :RoweBots I-CUBE-UNISONRTOS 5.5.0-4
2022-08-22 10:49:42,377 [INFO] ThirdParty:981 - CMSIS Pack Vendor :STMicroelectronics X-CUBE-GNSS1 6.0.0
2022-08-22 10:49:42,377 [INFO] ThirdParty:981 - CMSIS Pack Vendor :STMicroelectronics X-CUBE-AZRTOS-H7 2.1.0
2022-08-22 10:49:42,377 [INFO] ThirdParty:981 - CMSIS Pack Vendor :STMicroelectronics USB_HOST 2.0.0
2022-08-22 10:49:42,377 [INFO] ThirdParty:981 - CMSIS Pack Vendor :STMicroelectronics X-CUBE-AZRTOS-F4 1.1.0
2022-08-22 10:49:42,377 [INFO] ThirdParty:981 - CMSIS Pack Vendor :STMicroelectronics LIBJPEG 8.0.0
2022-08-22 10:49:42,377 [INFO] ThirdParty:981 - CMSIS Pack Vendor :wolfSSL I-CUBE-wolfSSL 5.4.0
2022-08-22 10:49:42,377 [INFO] ThirdParty:981 - CMSIS Pack Vendor :STMicroelectronics USB_DEVICE 3.0.0
2022-08-22 10:49:42,377 [INFO] ThirdParty:981 - CMSIS Pack Vendor :STMicroelectronics X-CUBE-BLEMGR 1.0.0
2022-08-22 10:49:42,377 [INFO] ThirdParty:981 - CMSIS Pack Vendor :STMicroelectronics X-CUBE-AZRTOS-F7 1.1.0
2022-08-22 10:49:42,377 [INFO] ThirdParty:981 - CMSIS Pack Vendor :STMicroelectronics USB_DEVICE 2.0.0
2022-08-22 10:49:42,377 [INFO] ThirdParty:981 - CMSIS Pack Vendor :STMicroelectronics X-CUBE-BLE1 6.2.3
2022-08-22 10:49:42,377 [INFO] ThirdParty:981 - CMSIS Pack Vendor :STMicroelectronics X-CUBE-ALGOBUILD 1.3.0
2022-08-22 10:49:42,377 [INFO] ThirdParty:981 - CMSIS Pack Vendor :STMicroelectronics FreeRTOS 0.0.1
2022-08-22 10:49:42,377 [INFO] ThirdParty:981 - CMSIS Pack Vendor :STMicroelectronics X-CUBE-AZRTOS-G0 1.1.0
2022-08-22 10:49:42,377 [INFO] ThirdParty:981 - CMSIS Pack Vendor :STMicroelectronics X-CUBE-SUBG2 5.0.0
2022-08-22 10:49:42,377 [INFO] ThirdParty:981 - CMSIS Pack Vendor :SEGGER I-CUBE-embOS 1.2.0
2022-08-22 10:49:42,377 [INFO] ThirdParty:981 - CMSIS Pack Vendor :STMicroelectronics STM32_WPAN 1.0.0
2022-08-22 10:49:42,378 [INFO] ThirdParty:981 - CMSIS Pack Vendor :STMicroelectronics lwIP 2.0.3
2022-08-22 10:49:42,378 [INFO] ThirdParty:981 - CMSIS Pack Vendor :STMicroelectronics X-CUBE-NFC4 2.0.4
2022-08-22 10:49:42,378 [INFO] ThirdParty:981 - CMSIS Pack Vendor :STMicroelectronics USB_HOST 1.0.0
2022-08-22 10:49:42,378 [INFO] ThirdParty:981 - CMSIS Pack Vendor :STMicroelectronics PDM2PCM 3.1.0
2022-08-22 10:49:42,378 [INFO] ThirdParty:981 - CMSIS Pack Vendor :STMicroelectronics PDM2PCM 3.3.0
2022-08-22 10:49:42,378 [INFO] ThirdParty:981 - CMSIS Pack Vendor :STMicroelectronics X-CUBE-TOF1 3.1.0
2022-08-22 10:49:42,378 [INFO] ThirdParty:981 - CMSIS Pack Vendor :STMicroelectronics FP-ATR-ASTRA1 1.1.0
2022-08-22 10:49:42,378 [INFO] ThirdParty:981 - CMSIS Pack Vendor :STMicroelectronics X-CUBE-AZRTOS-G4 1.0.0
2022-08-22 10:49:42,378 [INFO] ThirdParty:981 - CMSIS Pack Vendor :STMicroelectronics X-CUBE-AZRTOS-L4 1.0.0
2022-08-22 10:49:42,378 [INFO] ThirdParty:981 - CMSIS Pack Vendor :STMicroelectronics HAL Drivers 0.0.0
2022-08-22 10:49:42,378 [INFO] ThirdParty:981 - CMSIS Pack Vendor :STMicroelectronics MBEDTLS 2.16.2
2022-08-22 10:49:42,378 [INFO] ThirdParty:981 - CMSIS Pack Vendor :emotas I-CUBE-CANOPEN 1.1.2
2022-08-22 10:49:42,378 [INFO] ThirdParty:981 - CMSIS Pack Vendor :STMicroelectronics X-CUBE-TOUCHGFX 4.20.0
2022-08-22 10:49:42,378 [INFO] ThirdParty:981 - CMSIS Pack Vendor :STMicroelectronics MBEDTLS 2.14.1
2022-08-22 10:49:42,378 [INFO] ThirdParty:981 - CMSIS Pack Vendor :STMicroelectronics X-CUBE-NFC7 1.0.0
2022-08-22 10:49:42,378 [INFO] ThirdParty:981 - CMSIS Pack Vendor :STMicroelectronics X-CUBE-AZRTOS-WL 1.0.0
2022-08-22 10:49:42,378 [INFO] ThirdParty:981 - CMSIS Pack Vendor :STMicroelectronics X-CUBE-MEMS1 9.3.0
2022-08-22 10:49:42,379 [INFO] ThirdParty:981 - CMSIS Pack Vendor :portGmbH I-Cube-SoM-uGOAL 1.1.0
2022-08-22 10:49:42,379 [INFO] ThirdParty:981 - CMSIS Pack Vendor :STMicroelectronics X-CUBE-ALS 1.0.1
2022-08-22 10:49:42,379 [INFO] ThirdParty:981 - CMSIS Pack Vendor :STMicroelectronics X-CUBE-AI 7.2.0
2022-08-22 10:49:42,379 [INFO] ThirdParty:981 - CMSIS Pack Vendor :STMicroelectronics ThreadX 1.0.0
2022-08-22 10:49:42,379 [INFO] ThirdParty:981 - CMSIS Pack Vendor :STMicroelectronics X-CUBE-AZRTOS-L5 1.0.0
2022-08-22 10:49:42,379 [INFO] ThirdParty:981 - CMSIS Pack Vendor :STMicroelectronics USB_DEVICE 1.0.0
2022-08-22 10:49:42,379 [INFO] ThirdParty:981 - CMSIS Pack Vendor :STMicroelectronics X-CUBE-EEPRMA1 3.1.1
2022-08-22 10:49:42,379 [INFO] ThirdParty:981 - CMSIS Pack Vendor :STMicroelectronics ThreadX 0.0.2
2022-08-22 10:49:42,379 [INFO] ThirdParty:981 - CMSIS Pack Vendor :STMicroelectronics lwIP 2.1.2
2022-08-22 10:49:42,379 [INFO] ThirdParty:981 - CMSIS Pack Vendor :STMicroelectronics X-CUBE-SFXS2LP1 4.0.0
2022-08-22 10:49:42,379 [INFO] ThirdParty:981 - CMSIS Pack Vendor :STMicroelectronics X-CUBE-BLE2 3.3.0
2022-08-22 10:49:42,379 [INFO] ThirdParty:981 - CMSIS Pack Vendor :STMicroelectronics X-CUBE-DISPLAY 2.2.0
2022-08-22 10:49:42,380 [INFO] ThirdParty:981 - CMSIS Pack Vendor :STMicroelectronics PDM2PCM 3.2.0
2022-08-22 10:49:42,380 [INFO] ThirdParty:981 - CMSIS Pack Vendor :STMicroelectronics X-CUBE-ISPU 1.0.0
2022-08-22 10:49:42,380 [INFO] ThirdParty:797 - exiting critical section [change project]
2022-08-22 10:49:42,681 [INFO] PinOutPanel:1468 - setPackage(No Configuration,No Configuration)
2022-08-22 10:49:42,682 [INFO] PinOutPanel:1468 - setPackage(STM32F103C8Tx,LQFP48)
2022-08-22 10:49:43,343 [INFO] UtilMem:74 - Before build in PCC Used Memory: 194588352 Bytes (548405248)
2022-08-22 10:49:44,051 [INFO] UtilMem:74 - After build in PCC Used Memory: 312551104 Bytes (548405248)
2022-08-22 10:49:44,082 [INFO] IPUIPlugin:79 - create IPUIPlugin
2022-08-22 10:49:44,083 [INFO] IPUIPlugin:79 - create IPUIPlugin
2022-08-22 10:49:44,083 [INFO] IPUIPlugin:79 - create IPUIPlugin
2022-08-22 10:49:44,083 [INFO] IPUIPlugin:79 - create IPUIPlugin
2022-08-22 10:49:44,084 [INFO] IPUIPlugin:79 - create IPUIPlugin
2022-08-22 10:49:44,085 [INFO] IPUIPlugin:79 - create IPUIPlugin
2022-08-22 10:49:44,085 [INFO] IPUIPlugin:79 - create IPUIPlugin
2022-08-22 10:49:44,085 [INFO] IPUIPlugin:79 - create IPUIPlugin
2022-08-22 10:49:44,086 [INFO] IPUIPlugin:79 - create IPUIPlugin
2022-08-22 10:49:44,086 [INFO] IPUIPlugin:79 - create IPUIPlugin
2022-08-22 10:49:44,086 [INFO] IPUIPlugin:79 - create IPUIPlugin
2022-08-22 10:49:44,086 [INFO] IPUIPlugin:79 - create IPUIPlugin
2022-08-22 10:49:44,087 [INFO] IPUIPlugin:79 - create IPUIPlugin
2022-08-22 10:49:44,087 [INFO] IPUIPlugin:79 - create IPUIPlugin
2022-08-22 10:49:44,088 [INFO] IPUIPlugin:79 - create IPUIPlugin
2022-08-22 10:49:44,088 [INFO] IPUIPlugin:79 - create IPUIPlugin
2022-08-22 10:49:44,088 [INFO] IPUIPlugin:79 - create IPUIPlugin
2022-08-22 10:49:44,088 [INFO] IPUIPlugin:79 - create IPUIPlugin
2022-08-22 10:49:44,088 [INFO] IPUIPlugin:79 - create IPUIPlugin
2022-08-22 10:49:44,089 [INFO] IPUIPlugin:79 - create IPUIPlugin
2022-08-22 10:49:44,089 [INFO] IPUIPlugin:79 - create IPUIPlugin
2022-08-22 10:49:44,089 [INFO] IPUIPlugin:79 - create IPUIPlugin
2022-08-22 10:49:44,089 [INFO] IPUIPlugin:79 - create IPUIPlugin
2022-08-22 10:49:44,089 [INFO] IPUIPlugin:79 - create IPUIPlugin
2022-08-22 10:49:44,090 [INFO] IPUIPlugin:79 - create IPUIPlugin
2022-08-22 10:49:44,090 [INFO] IPUIPlugin:79 - create IPUIPlugin
2022-08-22 10:49:44,091 [INFO] IPUIPlugin:79 - create IPUIPlugin
2022-08-22 10:49:44,287 [INFO] OpenFileManager:327 - Restore cursor
2022-08-22 10:49:44,669 [INFO] UtilMem:74 - End SaveConfig() Used Memory: 397623056 Bytes (548405248)
2022-08-22 10:49:44,705 [INFO] UtilMem:74 - End SaveConfig() Used Memory: 408497856 Bytes (548405248)
2022-08-22 10:49:45,207 [INFO] BlockDiagram:2753 - set Specific Code input for plugin: NVIC
2022-08-22 10:49:45,207 [INFO] BlockDiagram:2753 - set Specific Code input for plugin: RCC
2022-08-22 10:49:45,208 [INFO] CodeGenerator:690 - code generatio: config db path: /Applications/STM32CubeIDE.app/Contents/Eclipse/plugins/com.st.stm32cube.common.mx_6.6.1.202207061420//db/
2022-08-22 10:49:45,647 [INFO] CodeEngine:245 - oldGeneratedFile, /Users/sandilazad/Desktop/STM32/Spi_Stm32_Rfid/MXTmpFiles/license.tmp_save
2022-08-22 10:49:46,036 [INFO] CodeEngine:269 - Generated code: /Users/sandilazad/Desktop/STM32/Spi_Stm32_Rfid/MXTmpFiles/license.tmp
2022-08-22 10:49:46,045 [INFO] CodeEngine:245 - oldGeneratedFile, /Users/sandilazad/Desktop/STM32/Spi_Stm32_Rfid/Core/Src/stm32f1xx_it.c_save
2022-08-22 10:49:46,185 [INFO] CodeEngine:269 - Generated code: /Users/sandilazad/Desktop/STM32/Spi_Stm32_Rfid/Core/Src/stm32f1xx_it.c
2022-08-22 10:49:46,187 [INFO] CodeEngine:245 - oldGeneratedFile, /Users/sandilazad/Desktop/STM32/Spi_Stm32_Rfid/Core/Inc/stm32f1xx_it.h_save
2022-08-22 10:49:46,273 [INFO] CodeEngine:269 - Generated code: /Users/sandilazad/Desktop/STM32/Spi_Stm32_Rfid/Core/Inc/stm32f1xx_it.h
2022-08-22 10:49:46,356 [INFO] CodeEngine:245 - oldGeneratedFile, /Users/sandilazad/Desktop/STM32/Spi_Stm32_Rfid/Core/Src/stm32f1xx_hal_msp.c_save
2022-08-22 10:49:46,474 [INFO] CodeEngine:269 - Generated code: /Users/sandilazad/Desktop/STM32/Spi_Stm32_Rfid/Core/Src/stm32f1xx_hal_msp.c
2022-08-22 10:49:46,476 [INFO] CodeEngine:245 - oldGeneratedFile, /Users/sandilazad/Desktop/STM32/Spi_Stm32_Rfid/MXTmpFiles/system.tmp_save
2022-08-22 10:49:46,560 [INFO] CodeEngine:269 - Generated code: /Users/sandilazad/Desktop/STM32/Spi_Stm32_Rfid/MXTmpFiles/system.tmp
2022-08-22 10:49:46,565 [INFO] CodeEngine:245 - oldGeneratedFile, /Users/sandilazad/Desktop/STM32/Spi_Stm32_Rfid/Core/Inc/stm32f1xx_hal_conf.h_save
2022-08-22 10:49:46,656 [INFO] CodeEngine:269 - Generated code: /Users/sandilazad/Desktop/STM32/Spi_Stm32_Rfid/Core/Inc/stm32f1xx_hal_conf.h
2022-08-22 10:49:46,696 [INFO] CodeEngine:245 - oldGeneratedFile, /Users/sandilazad/Desktop/STM32/Spi_Stm32_Rfid/Core/Inc/main.h_save
2022-08-22 10:49:46,866 [INFO] CodeEngine:269 - Generated code: /Users/sandilazad/Desktop/STM32/Spi_Stm32_Rfid/Core/Inc/main.h
2022-08-22 10:49:46,918 [INFO] CodeEngine:245 - oldGeneratedFile, /Users/sandilazad/Desktop/STM32/Spi_Stm32_Rfid/Core/Src/main.c_save
2022-08-22 10:49:47,059 [INFO] CodeEngine:269 - Generated code: /Users/sandilazad/Desktop/STM32/Spi_Stm32_Rfid/Core/Src/main.c
2022-08-22 10:49:48,292 [INFO] ProjectBuilder:2919 - Time for Copy HAL[1] : 107mS.
2022-08-22 10:49:48,305 [INFO] ProjectBuilder:4117 - Project Generator version: 3.17.1
2022-08-22 10:49:49,320 [INFO] ConfigFileManager:1394 - The Die is : DIE410
2022-08-22 10:49:49,344 [INFO] ApiDbMcu:505 - Load IP Config File for FATFS
2022-08-22 10:49:49,405 [INFO] ApiDbMcu:505 - Load IP Config File for FREERTOS
2022-08-22 10:49:49,455 [INFO] ApiDbMcu:505 - Load IP Config File for USB_DEVICE
2022-08-22 10:49:54,656 [INFO] ProjectBuilder:4285 - Time for Generating toolchain IDE Files: 6351mS.
2022-08-22 10:49:54,658 [INFO] ProjectBuilder:2790 - Time for Copy CMSIS : 0mS.
2022-08-22 10:49:54,659 [INFO] ProjectBuilder:2790 - Time for Copy CMSIS : 0mS.
2022-08-22 10:49:55,937 [INFO] McuFinderGlobals:57 - Set McuFinderConnectedMode to true
2022-08-22 10:49:55,939 [INFO] ApiDb:443 - Save user favorites file /Users/sandilazad/.stm32cubeide/favorites.mcus.txt: 0 item(s)
2022-08-22 10:49:55,939 [INFO] ApiDb:447 - User favorites MCUs=[]
2022-08-22 10:55:05,799 [INFO] Activator:177 - 


2022-08-22 10:55:05,800 [INFO] Activator:178 - !SESSION log4j initialized
2022-08-22 10:55:09,945 [ERROR] LogOutputStream:74 - [STDERR_REDIRECT] 
2022-08-22 10:55:32,941 [INFO] McuFinderGlobals:44 - Set McuFinder mode to 2 (CubeIDE integrated)
2022-08-22 10:55:33,059 [INFO] ApplicationProperties:181 - Using Application install path: /Applications/STM32CubeIDE.app/Contents/Eclipse/plugins/com.st.stm32cube.common.mx_6.6.1.202207061420
2022-08-22 10:55:33,084 [INFO] DbMcusXml:77 - Set database path to: /Applications/STM32CubeIDE.app/Contents/Eclipse/plugins/com.st.stm32cube.common.mx_6.6.1.202207061420//db//mcu/
2022-08-22 10:55:33,084 [INFO] ApiDb:269 - Set plugin database path to: /Applications/STM32CubeIDE.app/Contents/Eclipse/plugins/com.st.stm32cube.common.mx_6.6.1.202207061420//db//plugins/boardmanager/
2022-08-22 10:55:33,090 [WARN] ApiDb:254 - Overriding images path with different value:  => /Applications/STM32CubeIDE.app/Contents/Eclipse/plugins/com.st.stm32cube.common.mx_6.6.1.202207061420//db//plugins/mcufinder/images/
2022-08-22 10:55:33,108 [INFO] ApiDb:249 - Set database path to: /Users/sandilazad/.stmcufinder/plugins/mcufinder//mcu/
2022-08-22 10:55:33,110 [INFO] DbMcusAds:124 - Set database path to: /Users/sandilazad/.stmcufinder/plugins/mcufinder//mcu/
2022-08-22 10:55:33,129 [INFO] CrossReferenceDbSqlite:201 - Set database path to: /Users/sandilazad/.stmcufinder/plugins/mcufinder//mcu/cs/
2022-08-22 10:55:33,255 [INFO] RulesReader:61 - Compatibility file has been processed (282 Rules)
2022-08-22 10:55:33,325 [INFO] DbMcusXml:77 - Set database path to: /Applications/STM32CubeIDE.app/Contents/Eclipse/plugins/com.st.stm32cube.common.mx_6.6.1.202207061420//db//mcu/
2022-08-22 10:55:33,325 [INFO] ApiDb:269 - Set plugin database path to: /Applications/STM32CubeIDE.app/Contents/Eclipse/plugins/com.st.stm32cube.common.mx_6.6.1.202207061420//db//plugins/boardmanager/
2022-08-22 10:55:33,326 [INFO] ApiDb:256 - Set plugin images path to: /Applications/STM32CubeIDE.app/Contents/Eclipse/plugins/com.st.stm32cube.common.mx_6.6.1.202207061420//db//plugins/mcufinder/images/
2022-08-22 10:55:33,326 [WARN] DbFile:40 - Overriding database path with different value: /Users/sandilazad/.stmcufinder/plugins/mcufinder/ => /Users/sandilazad/.stmcufinder/plugins/mcufinder
2022-08-22 10:55:33,326 [INFO] ApiDb:249 - Set database path to: /Users/sandilazad/.stmcufinder/plugins/mcufinder//mcu/
2022-08-22 10:55:33,327 [WARN] DbFile:40 - Overriding database path with different value: /Users/sandilazad/.stmcufinder/plugins/mcufinder/ => /Users/sandilazad/.stmcufinder/plugins/mcufinder
2022-08-22 10:55:33,327 [INFO] DbMcusAds:124 - Set database path to: /Users/sandilazad/.stmcufinder/plugins/mcufinder//mcu/
2022-08-22 10:55:33,328 [WARN] DbFile:40 - Overriding database path with different value: /Users/sandilazad/.stmcufinder/plugins/mcufinder/ => /Users/sandilazad/.stmcufinder/plugins/mcufinder
2022-08-22 10:55:33,328 [WARN] DbFile:40 - Overriding database path with different value: /Users/sandilazad/.stmcufinder/plugins/mcufinder/ => /Users/sandilazad/.stmcufinder/plugins/mcufinder
2022-08-22 10:55:33,329 [INFO] CrossReferenceDbSqlite:201 - Set database path to: /Users/sandilazad/.stmcufinder/plugins/mcufinder//mcu/cs/
2022-08-22 10:55:33,400 [INFO] MainPanel:242 - HeapMemory: 268435456
2022-08-22 10:55:33,477 [INFO] DbMcusXml:77 - Set database path to: /Applications/STM32CubeIDE.app/Contents/Eclipse/plugins/com.st.stm32cube.common.mx_6.6.1.202207061420//db//mcu/
2022-08-22 10:55:33,477 [INFO] ApiDb:269 - Set plugin database path to: /Applications/STM32CubeIDE.app/Contents/Eclipse/plugins/com.st.stm32cube.common.mx_6.6.1.202207061420//db//plugins/boardmanager/
2022-08-22 10:55:33,477 [INFO] ApiDb:256 - Set plugin images path to: /Applications/STM32CubeIDE.app/Contents/Eclipse/plugins/com.st.stm32cube.common.mx_6.6.1.202207061420//db//plugins/mcufinder/images/
2022-08-22 10:55:33,478 [WARN] DbFile:40 - Overriding database path with different value: /Users/sandilazad/.stmcufinder/plugins/mcufinder/ => /Users/sandilazad/.stmcufinder/plugins/mcufinder
2022-08-22 10:55:33,478 [INFO] ApiDb:249 - Set database path to: /Users/sandilazad/.stmcufinder/plugins/mcufinder//mcu/
2022-08-22 10:55:33,478 [WARN] DbFile:40 - Overriding database path with different value: /Users/sandilazad/.stmcufinder/plugins/mcufinder/ => /Users/sandilazad/.stmcufinder/plugins/mcufinder
2022-08-22 10:55:33,478 [INFO] DbMcusAds:124 - Set database path to: /Users/sandilazad/.stmcufinder/plugins/mcufinder//mcu/
2022-08-22 10:55:33,479 [WARN] DbFile:40 - Overriding database path with different value: /Users/sandilazad/.stmcufinder/plugins/mcufinder/ => /Users/sandilazad/.stmcufinder/plugins/mcufinder
2022-08-22 10:55:33,479 [WARN] DbFile:40 - Overriding database path with different value: /Users/sandilazad/.stmcufinder/plugins/mcufinder/ => /Users/sandilazad/.stmcufinder/plugins/mcufinder
2022-08-22 10:55:33,479 [INFO] CrossReferenceDbSqlite:201 - Set database path to: /Users/sandilazad/.stmcufinder/plugins/mcufinder//mcu/cs/
2022-08-22 10:55:33,498 [INFO] ApplicationProperties:181 - Using Application install path: /Applications/STM32CubeIDE.app/Contents/Eclipse/plugins/com.st.stm32cube.common.mx_6.6.1.202207061420
2022-08-22 10:55:33,499 [INFO] PluginManage:193 - Search for loadable plugins [exclusion list=, ]
2022-08-22 10:55:33,501 [INFO] PluginManage:307 - Check plugin analytics
2022-08-22 10:55:33,682 [INFO] AnalyticsPlugin:262 - Accepted Software Licenses: 
2022-08-22 10:55:33,683 [INFO] AnalyticsPlugin:264 - Accepted CMSIS Pack Licenses: 
2022-08-22 10:55:33,683 [INFO] AnalyticsPlugin:266 - Accepted Firmware Licenses: 
2022-08-22 10:55:33,691 [INFO] PluginManage:356 - Loaded plugin analytics (category:tool,tabindex:-1)
2022-08-22 10:55:33,691 [INFO] PluginManage:307 - Check plugin cadmodel
2022-08-22 10:55:33,695 [INFO] CADModel:65 - Init CAD model plugin
2022-08-22 10:55:33,695 [INFO] PluginManage:356 - Loaded plugin cadmodel (category:power,tabindex:5)
2022-08-22 10:55:33,695 [INFO] PluginManage:307 - Check plugin clock
2022-08-22 10:55:33,705 [INFO] PluginManage:356 - Loaded plugin clock (category:base,tabindex:2)
2022-08-22 10:55:33,705 [INFO] PluginManage:307 - Check plugin ddr
2022-08-22 10:55:33,708 [INFO] PluginManage:356 - Loaded plugin ddr (category:tool,tabindex:6)
2022-08-22 10:55:33,708 [INFO] PluginManage:307 - Check plugin filemanager
2022-08-22 10:55:33,875 [INFO] PluginManage:356 - Loaded plugin filemanager (category:base,tabindex:10)
2022-08-22 10:55:33,875 [INFO] PluginManage:307 - Check plugin ipmanager
2022-08-22 10:55:33,883 [INFO] PluginManage:356 - Loaded plugin ipmanager (category:base,tabindex:5)
2022-08-22 10:55:33,883 [INFO] PluginManage:307 - Check plugin lpbam
2022-08-22 10:55:33,895 [INFO] PluginManage:356 - Loaded plugin lpbam (category:base,tabindex:0)
2022-08-22 10:55:33,895 [INFO] PluginManage:307 - Check plugin pinoutandconfiguration
2022-08-22 10:55:33,905 [INFO] PluginManage:356 - Loaded plugin pinoutandconfiguration (category:base,tabindex:1)
2022-08-22 10:55:33,905 [INFO] PluginManage:307 - Check plugin pinoutconfig
2022-08-22 10:55:33,937 [INFO] PluginManage:356 - Loaded plugin pinoutconfig (category:base,tabindex:0)
2022-08-22 10:55:33,937 [INFO] PluginManage:307 - Check plugin power
2022-08-22 10:55:33,949 [INFO] PluginManage:356 - Loaded plugin power (category:power,tabindex:4)
2022-08-22 10:55:33,949 [INFO] PluginManage:307 - Check plugin projectmanager
2022-08-22 10:55:33,979 [INFO] PluginManage:356 - Loaded plugin projectmanager (category:projectmanager,tabindex:3)
2022-08-22 10:55:33,980 [INFO] PluginManage:307 - Check plugin thirdparty
2022-08-22 10:55:34,131 [WARN] IntegrityCheckThread:82 - waiting for thirdparty lock release [integrity check]
2022-08-22 10:55:34,131 [INFO] PluginManage:356 - Loaded plugin thirdparty (category:base,tabindex:-1)
2022-08-22 10:55:34,133 [INFO] IntegrityCheckThread:84 - entering critical section [integrity check]
2022-08-22 10:55:34,133 [INFO] PluginManage:307 - Check plugin tools
2022-08-22 10:55:34,135 [INFO] PluginManage:356 - Loaded plugin tools (category:base,tabindex:7)
2022-08-22 10:55:34,135 [INFO] PluginManage:307 - Check plugin tutovideos
2022-08-22 10:55:34,135 [INFO] ThirdPartyUpdaterWithRetryManager:70 - Updater plugin not ready yet. [1/15]
2022-08-22 10:55:34,448 [INFO] PluginManage:356 - Loaded plugin tutovideos (category:base,tabindex:-1)
2022-08-22 10:55:34,448 [INFO] PluginManage:307 - Check plugin updater
2022-08-22 10:55:34,464 [INFO] PluginManage:356 - Loaded plugin updater (category:base,tabindex:12)
2022-08-22 10:55:34,465 [INFO] PluginManage:280 - PluginManage : Loaded plugins [15]
2022-08-22 10:55:34,478 [ERROR] LogOutputStream:74 - [STDERR_REDIRECT] SLF4J: Failed to load class "org.slf4j.impl.StaticLoggerBinder".
2022-08-22 10:55:34,479 [ERROR] LogOutputStream:74 - [STDERR_REDIRECT] SLF4J: Defaulting to no-operation (NOP) logger implementation
2022-08-22 10:55:34,480 [ERROR] LogOutputStream:74 - [STDERR_REDIRECT] SLF4J: See http://www.slf4j.org/codes.html#StaticLoggerBinder for further details.
2022-08-22 10:55:35,084 [INFO] PinOutPanel:1468 - setPackage(No Configuration,No Configuration)
2022-08-22 10:55:35,147 [INFO] CADModel:98 - CPN selected for project level
2022-08-22 10:55:35,160 [INFO] IPUIPlugin:79 - create IPUIPlugin
2022-08-22 10:55:35,161 [INFO] PluginManager:217 - loadIPPluginJar : add mdma
2022-08-22 10:55:35,169 [INFO] IPUIPlugin:79 - create IPUIPlugin
2022-08-22 10:55:35,169 [INFO] PluginManager:217 - loadIPPluginJar : add freertos
2022-08-22 10:55:35,174 [INFO] IPUIPlugin:79 - create IPUIPlugin
2022-08-22 10:55:35,175 [INFO] PluginManager:217 - loadIPPluginJar : add gic
2022-08-22 10:55:35,184 [INFO] IPUIPlugin:79 - create IPUIPlugin
2022-08-22 10:55:35,185 [INFO] PluginManager:217 - loadIPPluginJar : add adc
2022-08-22 10:55:35,187 [INFO] IPUIPlugin:79 - create IPUIPlugin
2022-08-22 10:55:35,188 [INFO] PluginManager:217 - loadIPPluginJar : add gtzc
2022-08-22 10:55:35,189 [INFO] IPUIPlugin:79 - create IPUIPlugin
2022-08-22 10:55:35,189 [INFO] PluginManager:217 - loadIPPluginJar : add quadspi
2022-08-22 10:55:35,191 [INFO] IPUIPlugin:79 - create IPUIPlugin
2022-08-22 10:55:35,192 [INFO] PluginManager:217 - loadIPPluginJar : add aes
2022-08-22 10:55:35,194 [INFO] IPUIPlugin:79 - create IPUIPlugin
2022-08-22 10:55:35,194 [INFO] PluginManager:217 - loadIPPluginJar : add pdm2pcm
2022-08-22 10:55:35,196 [INFO] IPUIPlugin:79 - create IPUIPlugin
2022-08-22 10:55:35,196 [INFO] PluginManager:217 - loadIPPluginJar : add hash
2022-08-22 10:55:35,198 [INFO] IPUIPlugin:79 - create IPUIPlugin
2022-08-22 10:55:35,198 [INFO] PluginManager:217 - loadIPPluginJar : add tim
2022-08-22 10:55:35,199 [INFO] IPUIPlugin:79 - create IPUIPlugin
2022-08-22 10:55:35,199 [INFO] PluginManager:217 - loadIPPluginJar : add tsc
2022-08-22 10:55:35,200 [INFO] IPUIPlugin:79 - create IPUIPlugin
2022-08-22 10:55:35,201 [INFO] PluginManager:217 - loadIPPluginJar : add ts
2022-08-22 10:55:35,203 [INFO] IPUIPlugin:79 - create IPUIPlugin
2022-08-22 10:55:35,204 [INFO] PluginManager:217 - loadIPPluginJar : add can
2022-08-22 10:55:35,206 [INFO] IPUIPlugin:79 - create IPUIPlugin
2022-08-22 10:55:35,206 [INFO] PluginManager:217 - loadIPPluginJar : add dma3
2022-08-22 10:55:35,208 [INFO] IPUIPlugin:79 - create IPUIPlugin
2022-08-22 10:55:35,209 [INFO] PluginManager:217 - loadIPPluginJar : add dfsdm
2022-08-22 10:55:35,211 [INFO] IPUIPlugin:79 - create IPUIPlugin
2022-08-22 10:55:35,211 [INFO] PluginManager:217 - loadIPPluginJar : add spi
2022-08-22 10:55:35,213 [INFO] IPUIPlugin:79 - create IPUIPlugin
2022-08-22 10:55:35,214 [INFO] PluginManager:217 - loadIPPluginJar : add gfxmmu
2022-08-22 10:55:35,215 [INFO] IPUIPlugin:79 - create IPUIPlugin
2022-08-22 10:55:35,215 [INFO] PluginManager:217 - loadIPPluginJar : add genericplugin
2022-08-22 10:55:35,217 [INFO] IPUIPlugin:79 - create IPUIPlugin
2022-08-22 10:55:35,217 [INFO] PluginManager:217 - loadIPPluginJar : add cryp
2022-08-22 10:55:35,222 [INFO] IPUIPlugin:79 - create IPUIPlugin
2022-08-22 10:55:35,223 [INFO] PluginManager:217 - loadIPPluginJar : add gpio
2022-08-22 10:55:35,224 [INFO] IPUIPlugin:79 - create IPUIPlugin
2022-08-22 10:55:35,225 [INFO] PluginManager:217 - loadIPPluginJar : add comp
2022-08-22 10:55:35,227 [INFO] IPUIPlugin:79 - create IPUIPlugin
2022-08-22 10:55:35,227 [INFO] PluginManager:217 - loadIPPluginJar : add tracer_emb
2022-08-22 10:55:35,230 [INFO] IPUIPlugin:79 - create IPUIPlugin
2022-08-22 10:55:35,230 [INFO] PluginManager:217 - loadIPPluginJar : add openamp
2022-08-22 10:55:35,234 [INFO] IPUIPlugin:79 - create IPUIPlugin
2022-08-22 10:55:35,234 [INFO] PluginManager:217 - loadIPPluginJar : add stm32_wpan
2022-08-22 10:55:35,242 [INFO] IPUIPlugin:79 - create IPUIPlugin
2022-08-22 10:55:35,246 [INFO] PluginManager:217 - loadIPPluginJar : add plateformsettings
2022-08-22 10:55:35,249 [INFO] IPUIPlugin:79 - create IPUIPlugin
2022-08-22 10:55:35,250 [INFO] PluginManager:217 - loadIPPluginJar : add ipddr
2022-08-22 10:55:35,252 [INFO] IPUIPlugin:79 - create IPUIPlugin
2022-08-22 10:55:35,252 [INFO] PluginManager:217 - loadIPPluginJar : add usart
2022-08-22 10:55:35,254 [INFO] IPUIPlugin:79 - create IPUIPlugin
2022-08-22 10:55:35,254 [INFO] PluginManager:217 - loadIPPluginJar : add ltdc
2022-08-22 10:55:35,258 [INFO] IPUIPlugin:79 - create IPUIPlugin
2022-08-22 10:55:35,259 [INFO] PluginManager:217 - loadIPPluginJar : add nvic
2022-08-22 10:55:35,260 [INFO] IPUIPlugin:79 - create IPUIPlugin
2022-08-22 10:55:35,260 [INFO] PluginManager:217 - loadIPPluginJar : add fatfs
2022-08-22 10:55:35,269 [INFO] IPUIPlugin:79 - create IPUIPlugin
2022-08-22 10:55:35,269 [INFO] PluginManager:217 - loadIPPluginJar : add linkedlist
2022-08-22 10:55:35,274 [INFO] IPUIPlugin:79 - create IPUIPlugin
2022-08-22 10:55:35,275 [INFO] PluginManager:217 - loadIPPluginJar : add dma
2022-08-22 10:55:35,279 [INFO] IPUIPlugin:79 - create IPUIPlugin
2022-08-22 10:55:35,279 [INFO] PluginManager:217 - loadIPPluginJar : add fmc
2022-08-22 10:55:35,281 [INFO] IPUIPlugin:79 - create IPUIPlugin
2022-08-22 10:55:35,281 [INFO] PluginManager:217 - loadIPPluginJar : add i2s
2022-08-22 10:55:35,282 [INFO] IPUIPlugin:79 - create IPUIPlugin
2022-08-22 10:55:35,283 [INFO] PluginManager:217 - loadIPPluginJar : add ucpd
2022-08-22 10:55:35,284 [INFO] IPUIPlugin:79 - create IPUIPlugin
2022-08-22 10:55:35,285 [INFO] PluginManager:217 - loadIPPluginJar : add lorawan
2022-08-22 10:55:35,287 [INFO] IPUIPlugin:79 - create IPUIPlugin
2022-08-22 10:55:35,287 [INFO] PluginManager:217 - loadIPPluginJar : add opamp
2022-08-22 10:55:35,290 [INFO] IPUIPlugin:79 - create IPUIPlugin
2022-08-22 10:55:35,290 [INFO] PluginManager:217 - loadIPPluginJar : add touchsensing
2022-08-22 10:55:35,293 [INFO] IPUIPlugin:79 - create IPUIPlugin
2022-08-22 10:55:35,293 [INFO] PluginManager:217 - loadIPPluginJar : add i2c
2022-08-22 10:55:35,296 [INFO] IPUIPlugin:79 - create IPUIPlugin
2022-08-22 10:55:35,297 [INFO] PluginManager:217 - loadIPPluginJar : add resmgrutility
2022-08-22 10:55:35,300 [INFO] IPUIPlugin:79 - create IPUIPlugin
2022-08-22 10:55:35,300 [INFO] PluginManager:217 - loadIPPluginJar : add sai
2022-08-22 10:55:35,302 [INFO] IPUIPlugin:79 - create IPUIPlugin
2022-08-22 10:55:35,302 [INFO] PluginManager:217 - loadIPPluginJar : add usbx
2022-08-22 10:55:35,551 [FATAL] Updater:301 - Updater called before beeing initialized
2022-08-22 10:55:35,646 [FATAL] Updater:301 - Updater called before beeing initialized
2022-08-22 10:55:35,655 [INFO] DbMcusAds:52 - JSON generation date=Thu Sep 30 12:55:09 BDT 2021 (1632984909377)
2022-08-22 10:55:35,656 [FATAL] Updater:301 - Updater called before beeing initialized
2022-08-22 10:55:35,720 [WARN] DetailPanel:344 - Failed to get advertising image, set to default
2022-08-22 10:55:35,844 [FATAL] Updater:301 - Updater called before beeing initialized
2022-08-22 10:55:35,846 [FATAL] Updater:301 - Updater called before beeing initialized
2022-08-22 10:55:35,846 [FATAL] Updater:301 - Updater called before beeing initialized
2022-08-22 10:55:35,847 [WARN] DetailPanel:344 - Failed to get advertising image, set to default
2022-08-22 10:55:35,848 [FATAL] Updater:301 - Updater called before beeing initialized
2022-08-22 10:55:35,884 [ERROR] Updater:1105 - MainUpdater not yet initialized. External WinMGr cannot be set.
2022-08-22 10:55:35,908 [INFO] Updater:1041 - Updater Version found : 6.6.1
2022-08-22 10:55:35,928 [INFO] ApplicationProperties:181 - Using Application install path: /Applications/STM32CubeIDE.app/Contents/Eclipse/plugins/com.st.stm32cube.common.mx_6.6.1.202207061420
2022-08-22 10:55:36,377 [INFO] MainUpdater:2768 - connection check result : 10
2022-08-22 10:55:36,378 [INFO] MainUpdater:280 - Updater Check For Update Now.
2022-08-22 10:55:36,379 [INFO] MicroXplorer:481 - Change Database Version : DB.6.0.60
2022-08-22 10:55:36,553 [INFO] CheckServerUpdateThread:119 - End of CheckServer Thread
2022-08-22 10:55:36,588 [INFO] MainUpdater:2768 - connection check result : 10
2022-08-22 10:55:36,590 [INFO] McuFinderGlobals:57 - Set McuFinderConnectedMode to true
2022-08-22 10:55:37,033 [INFO] ServerAccessManage:474 - Download File mcusAds.json._tmp_
2022-08-22 10:55:37,141 [WARN] MainUpdater:1184 - Updater busy. Cannot search thirdparties
2022-08-22 10:55:37,141 [INFO] ThirdPartyUpdaterWithRetryManager:96 - Updater plugin is busy. [1/15]
2022-08-22 10:55:37,154 [INFO] LoadUrlFilesThread:150 - End of LoadUrlFiles Thread
2022-08-22 10:55:39,176 [INFO] ServerAccessManage:474 - Download File cube-finder-db.zip
2022-08-22 10:55:40,144 [WARN] MainUpdater:1184 - Updater busy. Cannot search thirdparties
2022-08-22 10:55:40,144 [INFO] ThirdPartyUpdaterWithRetryManager:96 - Updater plugin is busy. [2/15]
2022-08-22 10:55:43,144 [WARN] MainUpdater:1184 - Updater busy. Cannot search thirdparties
2022-08-22 10:55:43,145 [INFO] ThirdPartyUpdaterWithRetryManager:96 - Updater plugin is busy. [3/15]
2022-08-22 10:55:46,145 [WARN] MainUpdater:1184 - Updater busy. Cannot search thirdparties
2022-08-22 10:55:46,146 [INFO] ThirdPartyUpdaterWithRetryManager:96 - Updater plugin is busy. [4/15]
2022-08-22 10:55:49,151 [WARN] MainUpdater:1184 - Updater busy. Cannot search thirdparties
2022-08-22 10:55:49,152 [INFO] ThirdPartyUpdaterWithRetryManager:96 - Updater plugin is busy. [5/15]
2022-08-22 10:55:52,154 [WARN] MainUpdater:1184 - Updater busy. Cannot search thirdparties
2022-08-22 10:55:52,154 [INFO] ThirdPartyUpdaterWithRetryManager:96 - Updater plugin is busy. [6/15]
2022-08-22 10:55:55,158 [WARN] MainUpdater:1184 - Updater busy. Cannot search thirdparties
2022-08-22 10:55:55,159 [INFO] ThirdPartyUpdaterWithRetryManager:96 - Updater plugin is busy. [7/15]
2022-08-22 10:55:55,327 [INFO] FileExtend:239 - Unzip File : cube-finder-db.zip
2022-08-22 10:55:55,328 [INFO] FileExtend:254 - Standard Zip Deflate
2022-08-22 10:55:55,874 [INFO] LoadUrlFilesThread:150 - End of LoadUrlFiles Thread
2022-08-22 10:55:57,153 [INFO] ServerAccessManage:474 - Download File crdb.zip
2022-08-22 10:55:58,162 [WARN] MainUpdater:1184 - Updater busy. Cannot search thirdparties
2022-08-22 10:55:58,162 [INFO] ThirdPartyUpdaterWithRetryManager:96 - Updater plugin is busy. [8/15]
2022-08-22 10:55:58,391 [INFO] FileExtend:239 - Unzip File : crdb.zip
2022-08-22 10:55:58,392 [INFO] FileExtend:254 - Standard Zip Deflate
2022-08-22 10:55:58,517 [INFO] LoadUrlFilesThread:150 - End of LoadUrlFiles Thread
2022-08-22 10:55:59,926 [INFO] ServerAccessManage:474 - Download File tutoVideoDB.zip
2022-08-22 10:55:59,966 [INFO] FileExtend:239 - Unzip File : tutoVideoDB.zip
2022-08-22 10:55:59,967 [INFO] FileExtend:254 - Standard Zip Deflate
2022-08-22 10:56:00,075 [INFO] LoadUrlFilesThread:150 - End of LoadUrlFiles Thread
2022-08-22 10:56:00,087 [INFO] JxBrowserEngine:106 - Initiate JxBrowser Engine with user profile folder
2022-08-22 10:56:00,304 [ERROR] JxBrowserEngine:59 - Can't initiate JxBrowser engine com.teamdev.jxbrowser.engine.ChromiumBinariesExtractionException: Failed to extract Chromium binaries into /Users/sandilazad/.stm32cubemx/.jxbrowser/Chromium
2022-08-22 10:56:00,305 [WARN] DbFile:40 - Overriding database path with different value: /Users/sandilazad/.stmcufinder/plugins/mcufinder/ => /Users/sandilazad/.stmcufinder/plugins/mcufinder
2022-08-22 10:56:01,163 [WARN] MainUpdater:1184 - Updater busy. Cannot search thirdparties
2022-08-22 10:56:01,164 [INFO] ThirdPartyUpdaterWithRetryManager:96 - Updater plugin is busy. [9/15]
2022-08-22 10:56:01,458 [INFO] ServerAccessManage:474 - Download File api_config.json
2022-08-22 10:56:01,566 [INFO] LoadUrlFilesThread:150 - End of LoadUrlFiles Thread
2022-08-22 10:56:01,567 [INFO] DbMcusAds:52 - JSON generation date=Thu Sep 30 12:55:09 BDT 2021 (1632984909377)
2022-08-22 10:56:01,599 [INFO] LoadUrlFilesThread:177 - End of LoadServerUrlFiles without Thread
2022-08-22 10:56:01,599 [INFO] TargetSelectorAdapter:228 - Refresh data is successful
2022-08-22 10:56:02,269 [INFO] ApiDb:576 - Connected to CubeFinder SQLite database (/Users/sandilazad/.stmcufinder/plugins/mcufinder/mcu/cube-finder-db.db)
2022-08-22 10:56:02,285 [INFO] ApiDb:663 - CubeFinder database Data Model version=2.1
2022-08-22 10:56:02,285 [INFO] ApiDb:664 - CubeFinder database Configuration version=3.0.32
2022-08-22 10:56:02,286 [INFO] ApiDb:665 - CubeFinder database generation date=2022-08-05 (1659688109)
2022-08-22 10:56:02,286 [INFO] ApiDb:666 - CubeFinder database FW Pack versions=[STM32Cube_FW_C0_V1.0.0, STM32Cube_FW_F4_V1.27.1, STM32Cube_FW_F7_V1.17.0, STM32Cube_FW_G0_V1.6.1, STM32Cube_FW_G4_V1.5.0, STM32Cube_FW_H7_V1.10.0, STM32Cube_FW_L5_V1.4.0, STM32Cube_FW_U5_V1.1.1, STM32Cube_FW_WB_V1.14.1, STM32Cube_FW_WL_V1.2.0, X-CUBE-ALGOBUILD_V1.3.0, X-CUBE-ALS_V1.0.1, X-CUBE-AZRTOS-F4_V1.1.0, X-CUBE-AZRTOS-F7_V1.1.0, X-CUBE-AZRTOS-G0_V1.1.0, X-CUBE-AZRTOS-G4_V1.0.0, X-CUBE-AZRTOS-H7_V2.1.0, X-CUBE-AZRTOS-L4_V1.0.0, X-CUBE-AZRTOS-L5_V1.0.0, X-CUBE-AZRTOS-WL_V1.0.0, X-CUBE-BLE1_V6.2.3, X-CUBE-BLE2_V3.3.0, X-CUBE-EEPRMA1_V3.1.1, X-CUBE-GNSS1_V6.0.0, X-CUBE-MEMS1_V9.1.0, X-CUBE-MEMS1_V9.3.0, X-CUBE-NFC4_V2.0.4, X-CUBE-NFC7_V1.0.0, X-CUBE-SFXS2LP1_V4.0.0, X-CUBE-SUBG2_V5.0.0]
2022-08-22 10:56:03,908 [INFO] ApiDb:239 - Found 138 in-development CPN: [B-WB1M-WPAN1, NUCLEO-C031C6, STEVAL-STWINBX1, STM320518-EVAL, STM32C0116-DK, STM32C011D6Y3TR, STM32C011D6Y6TR, STM32C011F4P3, STM32C011F4P6, STM32C011F4U3, STM32C011F4U6TR, STM32C011F6P3, STM32C011F6P6, STM32C011F6U3, STM32C011F6U6TR, STM32C011J4M3, STM32C011J4M6, STM32C011J6M3, STM32C011J6M6, STM32C0316-DK, STM32C031C4T3, STM32C031C4T6, STM32C031C4U3, STM32C031C4U6, STM32C031C6T3, STM32C031C6T6, STM32C031C6U3, STM32C031C6U6, STM32C031F4P3, STM32C031F4P6, STM32C031F6P3, STM32C031F6P6, STM32C031G4U3, STM32C031G4U6, STM32C031G6U3, STM32C031G6U6, STM32C031K4T3, STM32C031K4T6, STM32C031K4U3, STM32C031K4U6, STM32C031K6T3, STM32C031K6T6, STM32C031K6U3, STM32C031K6U6, STM32G071K8TXN, STM32G071K8UXN, STM32G081GBU6N, STM32G081KBT6N, STM32G081KBUXN, STM32G0B1CCT6N, STM32G0B1KCT6, STM32G0B1NEY6TR, STM32G0B1RCT6N, STM32G0C1CCT6, STM32G0C1CCT6N, STM32G0C1CCU6N, STM32G0C1CET6N, STM32G0C1CEU6N, STM32G0C1KCT6, STM32G0C1NEY6TR, STM32G0C1RCI6N, STM32G0C1RCT6N, STM32G0C1REI6N, STM32G0C1RET6N, STM32G0C1VCI6, STM32G0C1VEI6, STM32G471CCT6, STM32G471CCU6, STM32G471CET3, STM32G471CET6, STM32G471CEU3, STM32G471CEU6, STM32G471MCT6, STM32G471MET3, STM32G471MET6, STM32G471MEY6TR, STM32G471QCT6, STM32G471QET3, STM32G471RCT6, STM32G471RET3, STM32G471RET6, STM32G471VCH6, STM32G471VCI6, STM32G471VCT6, STM32G471VEH3, STM32G471VEH6, STM32G471VEI3, STM32G471VEI6, STM32G471VET3, STM32G471VET6, STM32G474CCT6, STM32L476VGY6PTR, STM32L4R5QGI6STR, STM32MP131AAE3, STM32MP131AAF3, STM32MP131AAG3, STM32MP131CAE3, STM32MP131CAF3, STM32MP131CAG3, STM32MP131DAE7, STM32MP131DAF7, STM32MP131DAG7, STM32MP131FAE7, STM32MP131FAF7, STM32MP131FAG7, STM32MP133AAE3, STM32MP133AAF3, STM32MP133AAG3, STM32MP133CAE3, STM32MP133CAF3, STM32MP133CAG3, STM32MP133DAE7, STM32MP133DAF7, STM32MP133DAG7, STM32MP133FAE7, STM32MP133FAF7, STM32MP133FAG7, STM32MP135AAE3, STM32MP135AAF3, STM32MP135AAG3, STM32MP135CAE3, STM32MP135CAF3, STM32MP135CAG3, STM32MP135DAE7, STM32MP135DAF7, STM32MP135DAG7, STM32MP135F-DK, STM32MP135FAE7, STM32MP135FAF7, STM32MP135FAG7, STM32U595ZJT6Q, STM32U599BJY6QTR, STM32U599NIH6Q, STM32U599NJH6Q, STM32U5A5ZJT6Q, STM32U5A9BJY6QTR, STM32U5A9NJH6Q, STM32WB1MMCH6]
2022-08-22 10:56:03,914 [INFO] DbMcus:215 - Found 3542 MCUs, 3542 are supported
2022-08-22 10:56:03,917 [INFO] ApiDb:418 - Load user favorites file /Users/sandilazad/.stm32cubeide/favorites.mcus.txt: 0 item(s)
2022-08-22 10:56:03,917 [INFO] ApiDb:422 - User favorites MCUs=[]
2022-08-22 10:56:03,917 [INFO] DbMcus:221 - Set 0 / 0 favorites MCUs
2022-08-22 10:56:03,923 [INFO] ApiDb:663 - CubeFinder database Data Model version=2.1
2022-08-22 10:56:03,924 [INFO] ApiDb:664 - CubeFinder database Configuration version=3.0.32
2022-08-22 10:56:03,924 [INFO] ApiDb:665 - CubeFinder database generation date=2022-08-05 (1659688109)
2022-08-22 10:56:03,924 [INFO] ApiDb:666 - CubeFinder database FW Pack versions=[STM32Cube_FW_C0_V1.0.0, STM32Cube_FW_F4_V1.27.1, STM32Cube_FW_F7_V1.17.0, STM32Cube_FW_G0_V1.6.1, STM32Cube_FW_G4_V1.5.0, STM32Cube_FW_H7_V1.10.0, STM32Cube_FW_L5_V1.4.0, STM32Cube_FW_U5_V1.1.1, STM32Cube_FW_WB_V1.14.1, STM32Cube_FW_WL_V1.2.0, X-CUBE-ALGOBUILD_V1.3.0, X-CUBE-ALS_V1.0.1, X-CUBE-AZRTOS-F4_V1.1.0, X-CUBE-AZRTOS-F7_V1.1.0, X-CUBE-AZRTOS-G0_V1.1.0, X-CUBE-AZRTOS-G4_V1.0.0, X-CUBE-AZRTOS-H7_V2.1.0, X-CUBE-AZRTOS-L4_V1.0.0, X-CUBE-AZRTOS-L5_V1.0.0, X-CUBE-AZRTOS-WL_V1.0.0, X-CUBE-BLE1_V6.2.3, X-CUBE-BLE2_V3.3.0, X-CUBE-EEPRMA1_V3.1.1, X-CUBE-GNSS1_V6.0.0, X-CUBE-MEMS1_V9.1.0, X-CUBE-MEMS1_V9.3.0, X-CUBE-NFC4_V2.0.4, X-CUBE-NFC7_V1.0.0, X-CUBE-SFXS2LP1_V4.0.0, X-CUBE-SUBG2_V5.0.0]
2022-08-22 10:56:03,965 [INFO] DbBoardsSqlite:227 - include board P-NUCLEO-WB55-NUCLEO as a kit item of type 'Nucleo-64'
2022-08-22 10:56:03,965 [INFO] DbBoardsSqlite:227 - include board P-NUCLEO-WB55-USBDONGLE as a kit item of type 'Nucleo USB Dongle'
2022-08-22 10:56:03,966 [INFO] DbBoardsSqlite:227 - include board STEVAL-IDP005V1 as a kit item of type 'Evaluation Board'
2022-08-22 10:56:03,966 [INFO] DbBoardsSqlite:227 - include board STEVAL-IDP005V2 as a kit item of type 'Evaluation Board'
2022-08-22 10:56:03,972 [INFO] ApiDb:239 - Found 138 in-development CPN: [B-WB1M-WPAN1, NUCLEO-C031C6, STEVAL-STWINBX1, STM320518-EVAL, STM32C0116-DK, STM32C011D6Y3TR, STM32C011D6Y6TR, STM32C011F4P3, STM32C011F4P6, STM32C011F4U3, STM32C011F4U6TR, STM32C011F6P3, STM32C011F6P6, STM32C011F6U3, STM32C011F6U6TR, STM32C011J4M3, STM32C011J4M6, STM32C011J6M3, STM32C011J6M6, STM32C0316-DK, STM32C031C4T3, STM32C031C4T6, STM32C031C4U3, STM32C031C4U6, STM32C031C6T3, STM32C031C6T6, STM32C031C6U3, STM32C031C6U6, STM32C031F4P3, STM32C031F4P6, STM32C031F6P3, STM32C031F6P6, STM32C031G4U3, STM32C031G4U6, STM32C031G6U3, STM32C031G6U6, STM32C031K4T3, STM32C031K4T6, STM32C031K4U3, STM32C031K4U6, STM32C031K6T3, STM32C031K6T6, STM32C031K6U3, STM32C031K6U6, STM32G071K8TXN, STM32G071K8UXN, STM32G081GBU6N, STM32G081KBT6N, STM32G081KBUXN, STM32G0B1CCT6N, STM32G0B1KCT6, STM32G0B1NEY6TR, STM32G0B1RCT6N, STM32G0C1CCT6, STM32G0C1CCT6N, STM32G0C1CCU6N, STM32G0C1CET6N, STM32G0C1CEU6N, STM32G0C1KCT6, STM32G0C1NEY6TR, STM32G0C1RCI6N, STM32G0C1RCT6N, STM32G0C1REI6N, STM32G0C1RET6N, STM32G0C1VCI6, STM32G0C1VEI6, STM32G471CCT6, STM32G471CCU6, STM32G471CET3, STM32G471CET6, STM32G471CEU3, STM32G471CEU6, STM32G471MCT6, STM32G471MET3, STM32G471MET6, STM32G471MEY6TR, STM32G471QCT6, STM32G471QET3, STM32G471RCT6, STM32G471RET3, STM32G471RET6, STM32G471VCH6, STM32G471VCI6, STM32G471VCT6, STM32G471VEH3, STM32G471VEH6, STM32G471VEI3, STM32G471VEI6, STM32G471VET3, STM32G471VET6, STM32G474CCT6, STM32L476VGY6PTR, STM32L4R5QGI6STR, STM32MP131AAE3, STM32MP131AAF3, STM32MP131AAG3, STM32MP131CAE3, STM32MP131CAF3, STM32MP131CAG3, STM32MP131DAE7, STM32MP131DAF7, STM32MP131DAG7, STM32MP131FAE7, STM32MP131FAF7, STM32MP131FAG7, STM32MP133AAE3, STM32MP133AAF3, STM32MP133AAG3, STM32MP133CAE3, STM32MP133CAF3, STM32MP133CAG3, STM32MP133DAE7, STM32MP133DAF7, STM32MP133DAG7, STM32MP133FAE7, STM32MP133FAF7, STM32MP133FAG7, STM32MP135AAE3, STM32MP135AAF3, STM32MP135AAG3, STM32MP135CAE3, STM32MP135CAF3, STM32MP135CAG3, STM32MP135DAE7, STM32MP135DAF7, STM32MP135DAG7, STM32MP135F-DK, STM32MP135FAE7, STM32MP135FAF7, STM32MP135FAG7, STM32U595ZJT6Q, STM32U599BJY6QTR, STM32U599NIH6Q, STM32U599NJH6Q, STM32U5A5ZJT6Q, STM32U5A9BJY6QTR, STM32U5A9NJH6Q, STM32WB1MMCH6]
2022-08-22 10:56:04,082 [INFO] BoardInfo:879 - No configuration file found for board P-NUCLEO-WB55
2022-08-22 10:56:04,083 [INFO] DbBoards:156 - Kit is not supported: P-NUCLEO-WB55
2022-08-22 10:56:04,087 [INFO] BoardInfo:879 - No configuration file found for board STEVAL-BFA001V1B
2022-08-22 10:56:04,087 [INFO] DbBoards:156 - Kit is not supported: STEVAL-BFA001V1B
2022-08-22 10:56:04,089 [INFO] BoardInfo:879 - No configuration file found for board STEVAL-BFA001V2B
2022-08-22 10:56:04,089 [INFO] DbBoards:156 - Kit is not supported: STEVAL-BFA001V2B
2022-08-22 10:56:04,263 [INFO] DbBoards:160 - Found 176 boards, 173 are supported
2022-08-22 10:56:04,271 [INFO] ApiDb:418 - Load user favorites file /Users/sandilazad/.stm32cubeide/favorites.boards.txt: 0 item(s)
2022-08-22 10:56:04,271 [INFO] ApiDb:422 - User favorites Boards=[]
2022-08-22 10:56:04,271 [INFO] DbBoards:189 - Set 0 / 0 favorites Boards
2022-08-22 10:56:04,275 [INFO] ApiDb:663 - CubeFinder database Data Model version=2.1
2022-08-22 10:56:04,276 [INFO] ApiDb:664 - CubeFinder database Configuration version=3.0.32
2022-08-22 10:56:04,276 [INFO] ApiDb:665 - CubeFinder database generation date=2022-08-05 (1659688109)
2022-08-22 10:56:04,276 [INFO] ApiDb:666 - CubeFinder database FW Pack versions=[STM32Cube_FW_C0_V1.0.0, STM32Cube_FW_F4_V1.27.1, STM32Cube_FW_F7_V1.17.0, STM32Cube_FW_G0_V1.6.1, STM32Cube_FW_G4_V1.5.0, STM32Cube_FW_H7_V1.10.0, STM32Cube_FW_L5_V1.4.0, STM32Cube_FW_U5_V1.1.1, STM32Cube_FW_WB_V1.14.1, STM32Cube_FW_WL_V1.2.0, X-CUBE-ALGOBUILD_V1.3.0, X-CUBE-ALS_V1.0.1, X-CUBE-AZRTOS-F4_V1.1.0, X-CUBE-AZRTOS-F7_V1.1.0, X-CUBE-AZRTOS-G0_V1.1.0, X-CUBE-AZRTOS-G4_V1.0.0, X-CUBE-AZRTOS-H7_V2.1.0, X-CUBE-AZRTOS-L4_V1.0.0, X-CUBE-AZRTOS-L5_V1.0.0, X-CUBE-AZRTOS-WL_V1.0.0, X-CUBE-BLE1_V6.2.3, X-CUBE-BLE2_V3.3.0, X-CUBE-EEPRMA1_V3.1.1, X-CUBE-GNSS1_V6.0.0, X-CUBE-MEMS1_V9.1.0, X-CUBE-MEMS1_V9.3.0, X-CUBE-NFC4_V2.0.4, X-CUBE-NFC7_V1.0.0, X-CUBE-SFXS2LP1_V4.0.0, X-CUBE-SUBG2_V5.0.0]
2022-08-22 10:56:04,308 [WARN] PackLoader:242 - Cannot read IP mode file for STMicroelectronics.X-CUBE-GNSS1.6.0.0
2022-08-22 10:56:04,347 [WARN] PackLoader:242 - Cannot read IP mode file for STMicroelectronics.X-CUBE-AZRTOS-F4.1.1.0
2022-08-22 10:56:04,398 [WARN] PackLoader:242 - Cannot read IP mode file for STMicroelectronics.X-CUBE-AZRTOS-F7.1.1.0
2022-08-22 10:56:04,409 [WARN] PackLoader:242 - Cannot read IP mode file for STMicroelectronics.X-CUBE-BLE1.6.2.3
2022-08-22 10:56:04,414 [WARN] PackLoader:242 - Cannot read IP mode file for STMicroelectronics.X-CUBE-NFC4.2.0.4
2022-08-22 10:56:04,433 [WARN] PackLoader:242 - Cannot read IP mode file for STMicroelectronics.X-CUBE-TOF1.3.1.0
2022-08-22 10:56:04,447 [WARN] PackLoader:242 - Cannot read IP mode file for STMicroelectronics.X-CUBE-NFC7.1.0.0
2022-08-22 10:56:04,512 [WARN] PackLoader:242 - Cannot read IP mode file for STMicroelectronics.X-CUBE-MEMS1.9.3.0
2022-08-22 10:56:04,733 [WARN] PackLoader:242 - Cannot read IP mode file for STMicroelectronics.X-CUBE-AI.7.2.0
2022-08-22 10:56:04,745 [WARN] PackLoader:242 - Cannot read IP mode file for STMicroelectronics.X-CUBE-SFXS2LP1.4.0.0
2022-08-22 10:56:04,774 [WARN] PackLoader:242 - Cannot read IP mode file for STMicroelectronics.X-CUBE-BLE2.3.3.0
2022-08-22 10:56:04,787 [WARN] PackLoader:242 - Cannot read IP mode file for STMicroelectronics.X-CUBE-DISPLAY.2.2.0
2022-08-22 10:56:04,800 [WARN] PackLoader:242 - Cannot read IP mode file for STMicroelectronics.X-CUBE-ISPU.1.0.0
2022-08-22 10:56:04,810 [WARN] PackLoader:242 - Cannot read IP mode file for RoweBots.I-CUBE-UNISONRTOS.5.5.0-4
2022-08-22 10:56:04,837 [WARN] PackLoader:242 - Cannot read IP mode file for STMicroelectronics.X-CUBE-AZRTOS-H7.2.1.0
2022-08-22 10:56:04,844 [WARN] PackLoader:242 - Cannot read IP mode file for wolfSSL.I-CUBE-wolfSSL.5.4.0
2022-08-22 10:56:04,851 [WARN] PackLoader:242 - Cannot read IP mode file for STMicroelectronics.X-CUBE-BLEMGR.1.0.0
2022-08-22 10:56:04,859 [WARN] PackLoader:242 - Cannot read IP mode file for STMicroelectronics.X-CUBE-ALGOBUILD.1.3.0
2022-08-22 10:56:04,882 [WARN] PackLoader:242 - Cannot read IP mode file for STMicroelectronics.X-CUBE-AZRTOS-G0.1.1.0
2022-08-22 10:56:04,900 [WARN] PackLoader:242 - Cannot read IP mode file for STMicroelectronics.X-CUBE-SUBG2.5.0.0
2022-08-22 10:56:05,001 [WARN] PackLoader:242 - Cannot read IP mode file for SEGGER.I-CUBE-embOS.1.2.0
2022-08-22 10:56:05,050 [WARN] PackLoader:242 - Cannot read IP mode file for STMicroelectronics.FP-ATR-ASTRA1.1.1.0
2022-08-22 10:56:05,069 [WARN] PackLoader:242 - Cannot read IP mode file for STMicroelectronics.X-CUBE-AZRTOS-G4.1.0.0
2022-08-22 10:56:05,129 [WARN] PackLoader:242 - Cannot read IP mode file for STMicroelectronics.X-CUBE-AZRTOS-L4.1.0.0
2022-08-22 10:56:05,141 [WARN] PackLoader:242 - Cannot read IP mode file for emotas.I-CUBE-CANOPEN.1.1.2
2022-08-22 10:56:05,146 [WARN] PackLoader:242 - Cannot read IP mode file for STMicroelectronics.X-CUBE-TOUCHGFX.4.20.0
2022-08-22 10:56:05,169 [WARN] PackLoader:242 - Cannot read IP mode file for STMicroelectronics.X-CUBE-AZRTOS-WL.1.0.0
2022-08-22 10:56:05,187 [WARN] PackLoader:242 - Cannot read IP mode file for portGmbH.I-Cube-SoM-uGOAL.1.1.0
2022-08-22 10:56:05,194 [WARN] PackLoader:242 - Cannot read IP mode file for STMicroelectronics.X-CUBE-ALS.1.0.1
2022-08-22 10:56:05,223 [WARN] PackLoader:242 - Cannot read IP mode file for STMicroelectronics.X-CUBE-AZRTOS-L5.1.0.0
2022-08-22 10:56:05,234 [WARN] PackLoader:242 - Cannot read IP mode file for STMicroelectronics.X-CUBE-EEPRMA1.3.1.1
2022-08-22 10:56:05,236 [INFO] ThirdParty:929 - Integrity check success = true
2022-08-22 10:56:05,236 [INFO] IntegrityCheckThread:98 - exiting critical section [integrity check]
2022-08-22 10:56:05,236 [INFO] IntegrityCheckThread:101 - End integrity checks thread
2022-08-22 10:56:05,531 [INFO] DbExamplesSqlite:374 - Ignored 31 examples not supported by CubeIDE
2022-08-22 10:56:05,532 [INFO] DbExamplesSqlite:375 - Found 6197 examples active
2022-08-22 10:56:05,532 [INFO] DbExamplesSqlite:376 - Found 89 examples obsolete
2022-08-22 10:56:05,533 [INFO] DbExamplesSqlite:377 - Found 0 examples under development
2022-08-22 10:56:05,533 [INFO] DbExamplesSqlite:378 - Found 76 examples not building
2022-08-22 10:56:05,534 [INFO] DbExamples:124 - Found 6242 examples
2022-08-22 10:56:05,555 [INFO] DbExamples:221 - Found 77 boards with related examples
2022-08-22 10:56:05,556 [INFO] DbExamples:234 - Found 64 MCUs with related examples
2022-08-22 10:56:05,582 [INFO] ApiDb:409 - User favorites file not found: /Users/sandilazad/.stm32cubeide/favorites.examples.txt
2022-08-22 10:56:05,582 [INFO] DbExamples:249 - Set 0 / 0 favorites Examples
2022-08-22 10:56:05,787 [INFO] McuFinderGlobals:57 - Set McuFinderConnectedMode to true
2022-08-22 10:56:05,795 [INFO] MultiScanPanel:195 - Auto-refresh data requested => check proxy status ongoing
2022-08-22 10:56:05,798 [INFO] FinderPluginLoader:92 - Searching for filters in installed packs
2022-08-22 10:56:07,466 [INFO] LoadUrlFilesThread:177 - End of LoadServerUrlFiles without Thread
2022-08-22 10:56:07,491 [INFO] DetailPanel:339 - Set advertising image to /Users/sandilazad/STM32Cube/Repository//en.Prom_NBSTM32U50921.jpg
2022-08-22 10:57:01,333 [INFO] McuFinderGlobals:57 - Set McuFinderConnectedMode to true
2022-08-22 10:57:01,337 [INFO] ApiDb:443 - Save user favorites file /Users/sandilazad/.stm32cubeide/favorites.mcus.txt: 0 item(s)
2022-08-22 10:57:01,337 [INFO] ApiDb:447 - User favorites MCUs=[]
2022-08-22 11:28:27,677 [ERROR] LogOutputStream:74 - [STDERR_REDIRECT] 
2022-08-22 11:28:50,646 [INFO] Activator:177 - 


2022-08-22 11:28:50,647 [INFO] Activator:178 - !SESSION log4j initialized
2022-08-22 11:28:52,117 [ERROR] LogOutputStream:74 - [STDERR_REDIRECT] 
2022-08-22 11:29:15,469 [ERROR] LogOutputStream:74 - [STDERR_REDIRECT] SLF4J: Failed to load class "org.slf4j.impl.StaticLoggerBinder".
2022-08-22 11:29:15,469 [ERROR] LogOutputStream:74 - [STDERR_REDIRECT] SLF4J: Defaulting to no-operation (NOP) logger implementation
2022-08-22 11:29:15,470 [ERROR] LogOutputStream:74 - [STDERR_REDIRECT] SLF4J: See http://www.slf4j.org/codes.html#StaticLoggerBinder for further details.
2022-08-22 11:46:31,433 [INFO] Activator:177 - 


2022-08-22 11:46:31,435 [INFO] Activator:178 - !SESSION log4j initialized
2022-08-22 11:46:34,513 [ERROR] LogOutputStream:74 - [STDERR_REDIRECT] 
2022-08-22 11:46:57,395 [ERROR] LogOutputStream:74 - [STDERR_REDIRECT] SLF4J: Failed to load class "org.slf4j.impl.StaticLoggerBinder".
2022-08-22 11:46:57,395 [ERROR] LogOutputStream:74 - [STDERR_REDIRECT] SLF4J: Defaulting to no-operation (NOP) logger implementation
2022-08-22 11:46:57,395 [ERROR] LogOutputStream:74 - [STDERR_REDIRECT] SLF4J: See http://www.slf4j.org/codes.html#StaticLoggerBinder for further details.
2022-08-22 13:25:36,714 [ERROR] LogOutputStream:74 - [STDERR_REDIRECT] Warning: NLS missing message: ExternalToolsPreferencePage_External_tool_project_builders_migration_2 in: org.eclipse.ui.externaltools.internal.ui.ExternalToolsUIMessages
2022-08-22 13:25:36,716 [ERROR] LogOutputStream:74 - [STDERR_REDIRECT] Warning: NLS missing message: ExternalToolsPreferencePage_Prompt_before_migrating_3 in: org.eclipse.ui.externaltools.internal.ui.ExternalToolsUIMessages
2022-08-22 13:25:36,717 [ERROR] LogOutputStream:74 - [STDERR_REDIRECT] Warning: NLS missing message: ExternalToolsPreferencePage_1 in: org.eclipse.ui.externaltools.internal.ui.ExternalToolsUIMessages
